#
# A fatal error has been detected by the Java Runtime Environment:
#
#  EXCEPTION_ACCESS_VIOLATION (0xc0000005) at pc=0x00007ffdc110247c, pid=27892, tid=28092
#
# JRE version: Java(TM) SE Runtime Environment (17.0.9+11) (build 17.0.9+11-LTS-201)
# Java VM: Java HotSpot(TM) 64-Bit Server VM (17.0.9+11-LTS-201, mixed mode, sharing, tiered, compressed oops, compressed class ptrs, g1 gc, windows-amd64)
# Problematic frame:
# C  0x00007ffdc110247c
#
# No core dump will be written. Minidumps are not enabled by default on client versions of Windows
#
# If you would like to submit a bug report, please visit:
#   https://bugreport.java.com/bugreport/crash.jsp
# The crash happened outside the Java Virtual Machine in native code.
# See problematic frame for where to report the bug.
#

---------------  S U M M A R Y ------------

Command Line: -Dfile.encoding=windows-1252 -Duser.country=US -Duser.language=en -Duser.variant --module-path=C:\Users\aaron\IdeaProjects\jreverse\build\libs\jreverse-1.0-SNAPSHOT.jar;C:\Users\aaron\IdeaProjects\jreverse\build\classes\java\main;C:\Users\aaron\.gradle\caches\modules-2\files-2.1\org.openjfx\javafx-fxml\17.0.6\5724aedc415683e62eeab3a3875550aa814c84fd\javafx-fxml-17.0.6-win.jar;C:\Users\aaron\.gradle\caches\modules-2\files-2.1\org.openjfx\javafx-controls\17.0.6\c95b460be3bc372060ff32d0c666c1233c3e8400\javafx-controls-17.0.6-win.jar;C:\Users\aaron\.gradle\caches\modules-2\files-2.1\org.openjfx\javafx-controls\17.0.6\8a9b91d717ec8bcdb179b91ae8a4f1137756fe3a\javafx-controls-17.0.6.jar;C:\Users\aaron\.gradle\caches\modules-2\files-2.1\org.openjfx\javafx-graphics\17.0.6\14326bf575b927d3c31a775f74bcf754ced35353\javafx-graphics-17.0.6-win.jar;C:\Users\aaron\.gradle\caches\modules-2\files-2.1\org.openjfx\javafx-graphics\17.0.6\a71a20fc765c578c17e6bd6525c029b03286ff5e\javafx-graphics-17.0.6.jar;C:\Users\aaron\.gradle\caches\modules-2\files-2.1\org.openjfx\javafx-base\17.0.6\78ccb38688b70acc6b59718daca8bdb91f99db57\javafx-base-17.0.6-win.jar;C:\Users\aaron\.gradle\caches\modules-2\files-2.1\org.openjfx\javafx-base\17.0.6\808b77ecf79be87b304a78fa9fffad805bfdb9f5\javafx-base-17.0.6.jar;C:\Users\aaron\.gradle\caches\modules-2\files-2.1\org.javassist\javassist\3.30.2-GA\284580b5e42dfa1b8267058566435d9e93fae7f7\javassist-3.30.2-GA.jar;C:\Users\aaron\.gradle\caches\modules-2\files-2.1\org.openjdk.nashorn\nashorn-core\15.0\2f7756004f2a77edbe4a0273731a27c30694b4cd\nashorn-core-15.0.jar;C:\Users\aaron\.gradle\caches\modules-2\files-2.1\org.ow2.asm\asm-commons\7.3.1\daaa79ef260eb67404b9a52bc319a024c7f49cfe\asm-commons-7.3.1.jar;C:\Users\aaron\.gradle\caches\modules-2\files-2.1\org.ow2.asm\asm-util\7.3.1\cac1bf54c2fb86671c357d281d1060fe5d50a0de\asm-util-7.3.1.jar;C:\Users\aaron\.gradle\caches\modules-2\files-2.1\org.ow2.asm\asm-analysis\7.3.1\45dfd299ea0c17d534499c4f06417ceccfa2d02\asm-analysis-7.3.1.jar;C:\Users\aaron\.gradle\caches\modules-2\files-2.1\org.ow2.asm\a-Djdk.module.main=com.jreverse.jreverse com.jreverse.jreverse/com.jreverse.jreverse.App

Host: 12th Gen Intel(R) Core(TM) i9-12900K, 24 cores, 31G,  Windows 11 , 64 bit Build 22621 (10.0.22621.3235)
Time: Thu Apr 11 15:31:41 2024 Central Daylight Time elapsed time: 736.268580 seconds (0d 0h 12m 16s)

---------------  T H R E A D  ---------------

Current thread (0x0000028497681970):  JavaThread "Thread-5" [_thread_in_native, id=28092, stack(0x000000fc7a710000,0x000000fc7a810000)]

Stack: [0x000000fc7a710000,0x000000fc7a810000],  sp=0x000000fc7a80e0b0,  free space=1016k
Native frames: (J=compiled Java code, j=interpreted, Vv=VM code, C=native code)
C  0x00007ffdc110247c

Java frames: (J=compiled Java code, j=interpreted, Vv=VM code)
j  com.jreverse.jreverse.Bridge.JReverseBridge.CallCoreFunction(Ljava/lang/String;[Ljava/lang/String;)[Ljava/lang/String;+0 com.jreverse.jreverse@1.0-SNAPSHOT
j  com.jreverse.jreverse.MainController.lambda$ResolveByteCodes$0()V+14 com.jreverse.jreverse@1.0-SNAPSHOT
j  com.jreverse.jreverse.MainController$$Lambda$746+0x000002844b2a6aa8.run()V+0 com.jreverse.jreverse@1.0-SNAPSHOT
j  java.lang.Thread.run()V+11 java.base@17.0.9
v  ~StubRoutines::call_stub

siginfo: EXCEPTION_ACCESS_VIOLATION (0xc0000005), reading address 0x00000284988bb000


Register to memory mapping:

RIP=0x00007ffdc110247c points into unknown readable memory: f3 0f 6f 00
RAX=0x00000284988bb000 is an unknown value
RBX={method} {0x000002848bbf1cf8} 'CallCoreFunction' '(Ljava/lang/String;[Ljava/lang/String;)[Ljava/lang/String;' in 'com/jreverse/jreverse/Bridge/JReverseBridge'
RCX=0x00000000fffffffc is an unknown value
RDX=0x00000000fffffffc is an unknown value
RSP=0x000000fc7a80e0b0 is pointing into the stack for thread: 0x0000028497681970
RBP=0x000000fc7a80e140 is pointing into the stack for thread: 0x0000028497681970
RSI=0x000000fc7a80ee78 is pointing into the stack for thread: 0x0000028497681970
RDI=0x000000fc7a80e4f8 is pointing into the stack for thread: 0x0000028497681970
R8 =0x00000284196df6c0 points into unknown readable memory: 0x00000284196d0e70 | 70 0e 6d 19 84 02 00 00
R9 =0x0000000000000001 is an unknown value
R10=0x0000000000000003 is an unknown value
R11=0x000000fc7a80da70 is pointing into the stack for thread: 0x0000028497681970
R12=0x0 is NULL
R13={method} {0x000002848bbf1cf8} 'CallCoreFunction' '(Ljava/lang/String;[Ljava/lang/String;)[Ljava/lang/String;' in 'com/jreverse/jreverse/Bridge/JReverseBridge'
R14=0x000000fc7a80f388 is pointing into the stack for thread: 0x0000028497681970
R15=0x0000028497681970 is a thread


Registers:
RAX=0x00000284988bb000, RBX=0x000002848bbf1cf0, RCX=0x00000000fffffffc, RDX=0x00000000fffffffc
RSP=0x000000fc7a80e0b0, RBP=0x000000fc7a80e140, RSI=0x000000fc7a80ee78, RDI=0x000000fc7a80e4f8
R8 =0x00000284196df6c0, R9 =0x0000000000000001, R10=0x0000000000000003, R11=0x000000fc7a80da70
R12=0x0000000000000000, R13=0x000002848bbf1cf0, R14=0x000000fc7a80f388, R15=0x0000028497681970
RIP=0x00007ffdc110247c, EFLAGS=0x0000000000010206

Top of Stack: (sp=0x000000fc7a80e0b0)
0x000000fc7a80e0b0:   0000000200000000 00000284988bb000
0x000000fc7a80e0c0:   0000000000000000 0000000000000000
0x000000fc7a80e0d0:   0000000000000000 0000000000000000
0x000000fc7a80e0e0:   0000000000000000 0000000000000000
0x000000fc7a80e0f0:   cccccccccccccccc cccccccccccccccc
0x000000fc7a80e100:   0000000000000000 0000000000000000
0x000000fc7a80e110:   cccccccccccccccc 00007ffd97505e05
0x000000fc7a80e120:   00000284988baf62 0000028400000000
0x000000fc7a80e130:   cccccccccccccccc cccccccccccccccc
0x000000fc7a80e140:   cccccccccccccccc 00007ffd975099d8
0x000000fc7a80e150:   0000028499b77c70 00007ffd974f79ef
0x000000fc7a80e160:   00007ffd975280da 00007ffdae31c732
0x000000fc7a80e170:   000000fc7a80e228 00007ffd974f7007
0x000000fc7a80e180:   0000028499b77c70 0000000000000010
0x000000fc7a80e190:   000002848bbf1cf0 000000fc7a80ee78
0x000000fc7a80e1a0:   0000000000000000 00007ffd8f23dcd6 

Instructions: (pc=0x00007ffdc110247c)
0x00007ffdc110237c:   24 30 ff 15 14 fd 01 00 48 83 c4 28 c3 cc cc cc
0x00007ffdc110238c:   cc cc cc cc 89 54 24 10 48 89 4c 24 08 48 83 ec
0x00007ffdc110239c:   68 48 8b 44 24 70 48 83 e0 f0 48 89 44 24 08 48
0x00007ffdc11023ac:   8b 44 24 08 f3 0f 6f 00 66 0f 7f 44 24 10 66 0f
0x00007ffdc11023bc:   6f 05 be 00 02 00 66 0f 7f 44 24 50 0f b6 44 24
0x00007ffdc11023cc:   78 0f b6 4c 24 78 c1 e1 08 0b c1 89 44 24 78 66
0x00007ffdc11023dc:   0f 6e 44 24 78 66 0f 7f 44 24 30 f2 0f 70 44 24
0x00007ffdc11023ec:   30 00 66 0f 7f 44 24 30 66 0f 6f 44 24 30 66 0f
0x00007ffdc11023fc:   70 c0 00 66 0f 7f 44 24 30 66 0f 6f 44 24 10 66
0x00007ffdc110240c:   0f 74 44 24 30 66 0f 7f 44 24 20 66 0f 6f 44 24
0x00007ffdc110241c:   10 66 0f 74 44 24 50 66 0f 7f 44 24 10 66 0f 6f
0x00007ffdc110242c:   44 24 20 0f 56 44 24 10 66 0f 7f 44 24 20 48 8b
0x00007ffdc110243c:   44 24 70 48 83 e0 0f 89 44 24 04 66 0f 6f 44 24
0x00007ffdc110244c:   20 66 0f d7 c0 8b 4c 24 04 ba ff ff ff ff d3 e2
0x00007ffdc110245c:   8b ca 23 c1 89 04 24 83 3c 24 00 75 61 48 8b 44
0x00007ffdc110246c:   24 08 48 83 c0 10 48 89 44 24 08 48 8b 44 24 08
0x00007ffdc110247c:   f3 0f 6f 00 66 0f 7f 44 24 10 66 0f 6f 44 24 10
0x00007ffdc110248c:   66 0f 74 44 24 30 66 0f 7f 44 24 20 66 0f 6f 44
0x00007ffdc110249c:   24 10 66 0f 74 44 24 50 66 0f 7f 44 24 10 66 0f
0x00007ffdc11024ac:   6f 44 24 20 0f 56 44 24 10 66 0f 7f 44 24 20 66
0x00007ffdc11024bc:   0f 6f 44 24 20 66 0f d7 c0 89 04 24 eb 99 8b 04
0x00007ffdc11024cc:   24 0f bc c0 89 44 24 04 8b 44 24 04 48 03 44 24
0x00007ffdc11024dc:   08 48 89 44 24 40 48 8b 44 24 40 0f be 00 0f be
0x00007ffdc11024ec:   4c 24 78 3b c1 75 0c 48 8b 44 24 40 48 89 44 24
0x00007ffdc11024fc:   48 eb 09 48 c7 44 24 48 00 00 00 00 48 8b 44 24
0x00007ffdc110250c:   48 48 83 c4 68 c3 cc cc cc cc cc cc cc cc cc cc
0x00007ffdc110251c:   cc cc cc cc 89 54 24 10 48 89 4c 24 08 48 81 ec
0x00007ffdc110252c:   98 00 00 00 48 c7 44 24 30 00 00 00 00 83 bc 24
0x00007ffdc110253c:   a8 00 00 00 00 0f 85 cd 00 00 00 48 8b 84 24 a0
0x00007ffdc110254c:   00 00 00 48 83 e0 f0 48 89 44 24 10 48 8b 44 24
0x00007ffdc110255c:   10 f3 0f 6f 00 66 0f 7f 44 24 20 48 8b 84 24 a0
0x00007ffdc110256c:   00 00 00 48 83 e0 0f 89 04 24 66 0f 6f 05 02 ff 


Stack slot to memory mapping:
stack at sp + 0 slots: 0x0000000200000000 is an unknown value
stack at sp + 1 slots: 0x00000284988bb000 is an unknown value
stack at sp + 2 slots: 0x0 is NULL
stack at sp + 3 slots: 0x0 is NULL
stack at sp + 4 slots: 0x0 is NULL
stack at sp + 5 slots: 0x0 is NULL
stack at sp + 6 slots: 0x0 is NULL
stack at sp + 7 slots: 0x0 is NULL


---------------  P R O C E S S  ---------------

Threads class SMR info:
_java_thread_list=0x000002848f2c57d0, length=25, elements={
0x000002841bb462e0, 0x00000284484f9930, 0x0000028449694890, 0x00000284496a4960,
0x00000284496a6440, 0x00000284496a8f10, 0x00000284496a98d0, 0x00000284496aa670,
0x00000284496ab730, 0x00000284496bd670, 0x00000284496902e0, 0x000002848f378090,
0x000002848f6c8e20, 0x000002848fea70c0, 0x000002848fea75a0, 0x0000028490313690,
0x0000028490311320, 0x0000028490312c70, 0x0000028490311d40, 0x000002849767cd80,
0x0000028497681460, 0x000002849767f600, 0x000002849767dcb0, 0x0000028497683ce0,
0x0000028497681970
}

Java Threads: ( => current thread )
  0x000002841bb462e0 JavaThread "main" [_thread_blocked, id=15944, stack(0x000000fc76f00000,0x000000fc77000000)]
  0x00000284484f9930 JavaThread "Reference Handler" daemon [_thread_blocked, id=25048, stack(0x000000fc77600000,0x000000fc77700000)]
  0x0000028449694890 JavaThread "Finalizer" daemon [_thread_blocked, id=8756, stack(0x000000fc77700000,0x000000fc77800000)]
  0x00000284496a4960 JavaThread "Signal Dispatcher" daemon [_thread_blocked, id=19904, stack(0x000000fc77800000,0x000000fc77900000)]
  0x00000284496a6440 JavaThread "Attach Listener" daemon [_thread_blocked, id=21280, stack(0x000000fc77900000,0x000000fc77a00000)]
  0x00000284496a8f10 JavaThread "Service Thread" daemon [_thread_blocked, id=27152, stack(0x000000fc77a00000,0x000000fc77b00000)]
  0x00000284496a98d0 JavaThread "Monitor Deflation Thread" daemon [_thread_blocked, id=11696, stack(0x000000fc77b00000,0x000000fc77c00000)]
  0x00000284496aa670 JavaThread "C2 CompilerThread0" daemon [_thread_blocked, id=25072, stack(0x000000fc77c00000,0x000000fc77d00000)]
  0x00000284496ab730 JavaThread "C1 CompilerThread0" daemon [_thread_blocked, id=656, stack(0x000000fc77d00000,0x000000fc77e00000)]
  0x00000284496bd670 JavaThread "Sweeper thread" daemon [_thread_blocked, id=22044, stack(0x000000fc77e00000,0x000000fc77f00000)]
  0x00000284496902e0 JavaThread "Common-Cleaner" daemon [_thread_blocked, id=29984, stack(0x000000fc78000000,0x000000fc78100000)]
  0x000002848f378090 JavaThread "Notification Thread" daemon [_thread_blocked, id=28808, stack(0x000000fc78700000,0x000000fc78800000)]
  0x000002848f6c8e20 JavaThread "QuantumRenderer-0" daemon [_thread_blocked, id=20716, stack(0x000000fc78900000,0x000000fc78a00000)]
  0x000002848fea70c0 JavaThread "InvokeLaterDispatcher" daemon [_thread_blocked, id=25648, stack(0x000000fc78f00000,0x000000fc79000000)]
  0x000002848fea75a0 JavaThread "JavaFX Application Thread" [_thread_in_native, id=20044, stack(0x000000fc79000000,0x000000fc79100000)]
  0x0000028490313690 JavaThread "JavaFX-Launcher" [_thread_blocked, id=25228, stack(0x000000fc78500000,0x000000fc78600000)]
  0x0000028490311320 JavaThread "Thread-2" daemon [_thread_in_native, id=13800, stack(0x000000fc78400000,0x000000fc78500000)]
  0x0000028490312c70 JavaThread "Prism Font Disposer" daemon [_thread_blocked, id=19364, stack(0x000000fc79f00000,0x000000fc7a000000)]
  0x0000028490311d40 JavaThread "Cleaner-0" daemon [_thread_blocked, id=4088, stack(0x000000fc7a100000,0x000000fc7a200000)]
  0x000002849767cd80 JavaThread "Java2D Disposer" daemon [_thread_blocked, id=21984, stack(0x000000fc7a610000,0x000000fc7a710000)]
  0x0000028497681460 JavaThread "AWT-Windows" daemon [_thread_in_native, id=14716, stack(0x000000fc7a810000,0x000000fc7a910000)]
  0x000002849767f600 JavaThread "Swing-Shell" daemon [_thread_blocked, id=29200, stack(0x000000fc7ad10000,0x000000fc7ae10000)]
  0x000002849767dcb0 JavaThread "D3D Screen Updater" daemon [_thread_blocked, id=30672, stack(0x000000fc7b510000,0x000000fc7b610000)]
  0x0000028497683ce0 JavaThread "TimerQueue" daemon [_thread_blocked, id=17632, stack(0x000000fc7b610000,0x000000fc7b710000)]
=>0x0000028497681970 JavaThread "Thread-5" [_thread_in_native, id=28092, stack(0x000000fc7a710000,0x000000fc7a810000)]

Other Threads:
  0x00000284484f7e30 VMThread "VM Thread" [stack: 0x000000fc77500000,0x000000fc77600000] [id=16368]
  0x000002844837f590 WatcherThread [stack: 0x000000fc78800000,0x000000fc78900000] [id=13128]
  0x000002841bbf53d0 GCTaskThread "GC Thread#0" [stack: 0x000000fc77000000,0x000000fc77100000] [id=1732]
  0x000002848faabf30 GCTaskThread "GC Thread#1" [stack: 0x000000fc78600000,0x000000fc78700000] [id=15884]
  0x000002848faac1f0 GCTaskThread "GC Thread#2" [stack: 0x000000fc79200000,0x000000fc79300000] [id=16488]
  0x000002848faac4b0 GCTaskThread "GC Thread#3" [stack: 0x000000fc79300000,0x000000fc79400000] [id=19988]
  0x000002848faab6f0 GCTaskThread "GC Thread#4" [stack: 0x000000fc79400000,0x000000fc79500000] [id=19012]
  0x000002848faab9b0 GCTaskThread "GC Thread#5" [stack: 0x000000fc79500000,0x000000fc79600000] [id=16128]
  0x000002848faac770 GCTaskThread "GC Thread#6" [stack: 0x000000fc79600000,0x000000fc79700000] [id=1784]
  0x000002848faaabf0 GCTaskThread "GC Thread#7" [stack: 0x000000fc79700000,0x000000fc79800000] [id=5932]
  0x00000284906346b0 GCTaskThread "GC Thread#8" [stack: 0x000000fc79800000,0x000000fc79900000] [id=15980]
  0x00000284906322f0 GCTaskThread "GC Thread#9" [stack: 0x000000fc79900000,0x000000fc79a00000] [id=4548]
  0x0000028490631d70 GCTaskThread "GC Thread#10" [stack: 0x000000fc79a00000,0x000000fc79b00000] [id=28488]
  0x0000028490632030 GCTaskThread "GC Thread#11" [stack: 0x000000fc79b00000,0x000000fc79c00000] [id=26972]
  0x0000028490632870 GCTaskThread "GC Thread#12" [stack: 0x000000fc7a200000,0x000000fc7a300000] [id=18476]
  0x0000028490632df0 GCTaskThread "GC Thread#13" [stack: 0x000000fc76e00000,0x000000fc76f00000] [id=21912]
  0x0000028490634970 GCTaskThread "GC Thread#14" [stack: 0x000000fc77f00000,0x000000fc78000000] [id=21660]
  0x00000284976083c0 GCTaskThread "GC Thread#15" [stack: 0x000000fc79e00000,0x000000fc79f00000] [id=12120]
  0x0000028497608680 GCTaskThread "GC Thread#16" [stack: 0x000000fc7a910000,0x000000fc7aa10000] [id=25388]
  0x0000028497609440 GCTaskThread "GC Thread#17" [stack: 0x000000fc7aa80000,0x000000fc7ab80000] [id=12396]
  0x000002841bb615d0 ConcurrentGCThread "G1 Main Marker" [stack: 0x000000fc77100000,0x000000fc77200000] [id=28948]
  0x000002841bc06940 ConcurrentGCThread "G1 Conc#0" [stack: 0x000000fc77200000,0x000000fc77300000] [id=4120]
  0x0000028490634130 ConcurrentGCThread "G1 Conc#1" [stack: 0x000000fc76c00000,0x000000fc76d00000] [id=27964]
  0x00000284906351b0 ConcurrentGCThread "G1 Conc#2" [stack: 0x000000fc79c00000,0x000000fc79d00000] [id=13672]
  0x0000028490634ef0 ConcurrentGCThread "G1 Conc#3" [stack: 0x000000fc79d00000,0x000000fc79e00000] [id=13716]
  0x0000028490635470 ConcurrentGCThread "G1 Conc#4" [stack: 0x000000fc7a510000,0x000000fc7a610000] [id=22204]
  0x00000284484323e0 ConcurrentGCThread "G1 Refine#0" [stack: 0x000000fc77300000,0x000000fc77400000] [id=28800]
  0x000002849c73ac40 ConcurrentGCThread "G1 Refine#1" [stack: 0x000000fc781c0000,0x000000fc782c0000] [id=30596]
  0x000002848f1a9b10 ConcurrentGCThread "G1 Refine#2" [stack: 0x000000fc782c0000,0x000000fc783c0000] [id=15252]
  0x00000284999df370 ConcurrentGCThread "G1 Refine#3" [stack: 0x000000fc78a00000,0x000000fc78b00000] [id=26184]
  0x000002848fac0b50 ConcurrentGCThread "G1 Refine#4" [stack: 0x000000fc7a000000,0x000000fc7a100000] [id=14080]
  0x00000284907301d0 ConcurrentGCThread "G1 Refine#5" [stack: 0x000000fc7a310000,0x000000fc7a410000] [id=24144]
  0x000002849c5bfc90 ConcurrentGCThread "G1 Refine#6" [stack: 0x000000fc7a410000,0x000000fc7a510000] [id=19356]
  0x0000028448432e10 ConcurrentGCThread "G1 Service" [stack: 0x000000fc77400000,0x000000fc77500000] [id=19104]

Threads with active compile tasks:

VM state: not at safepoint (normal execution)

VM Mutex/Monitor currently owned by a thread: None

Heap address: 0x0000000603800000, size: 8136 MB, Compressed Oops mode: Zero based, Oop shift amount: 3

CDS archive(s) mapped at: [0x000002844a000000-0x000002844abd0000-0x000002844abd0000), size 12386304, SharedBaseAddress: 0x000002844a000000, ArchiveRelocationMode: 1.
Compressed class space mapped at: 0x000002844b000000-0x000002848b000000, reserved size: 1073741824
Narrow klass base: 0x000002844a000000, Narrow klass shift: 0, Narrow klass range: 0x100000000

GC Precious Log:
 CPUs: 24 total, 24 available
 Memory: 32541M
 Large Page Support: Disabled
 NUMA Support: Disabled
 Compressed Oops: Enabled (Zero based)
 Heap Region Size: 4M
 Heap Min Capacity: 8M
 Heap Initial Capacity: 512M
 Heap Max Capacity: 8136M
 Pre-touch: Disabled
 Parallel Workers: 18
 Concurrent Workers: 5
 Concurrent Refinement Workers: 18
 Periodic GC: Disabled

Heap:
 garbage-first heap   total 151552K, used 75547K [0x0000000603800000, 0x0000000800000000)
  region size 4096K, 12 young (49152K), 1 survivors (4096K)
 Metaspace       used 29538K, committed 29888K, reserved 1114112K
  class space    used 3807K, committed 3968K, reserved 1048576K

Heap Regions: E=young(eden), S=young(survivor), O=old, HS=humongous(starts), HC=humongous(continues), CS=collection set, F=free, OA=open archive, CA=closed archive, TAMS=top-at-mark-start (previous, next)
|   0|0x0000000603800000, 0x0000000603c00000, 0x0000000603c00000|100%| O|  |TAMS 0x0000000603c00000, 0x0000000603800000| Untracked 
|   1|0x0000000603c00000, 0x0000000604000000, 0x0000000604000000|100%| O|  |TAMS 0x0000000604000000, 0x0000000603c00000| Untracked 
|   2|0x0000000604000000, 0x0000000604400000, 0x0000000604400000|100%| O|  |TAMS 0x0000000604400000, 0x0000000604000000| Untracked 
|   3|0x0000000604400000, 0x0000000604800000, 0x0000000604800000|100%| O|  |TAMS 0x0000000604800000, 0x0000000604400000| Untracked 
|   4|0x0000000604800000, 0x0000000604c00000, 0x0000000604c00000|100%| O|  |TAMS 0x0000000604c00000, 0x0000000604800000| Untracked 
|   5|0x0000000604c00000, 0x0000000604c00000, 0x0000000605000000|  0%| F|  |TAMS 0x0000000604c00000, 0x0000000604c00000| Untracked 
|   6|0x0000000605000000, 0x0000000605000000, 0x0000000605400000|  0%| F|  |TAMS 0x0000000605000000, 0x0000000605000000| Untracked 
|   7|0x0000000605400000, 0x0000000605400000, 0x0000000605800000|  0%| F|  |TAMS 0x0000000605400000, 0x0000000605400000| Untracked 
|   8|0x0000000605800000, 0x0000000605c00000, 0x0000000605c00000|100%| O|  |TAMS 0x0000000605800000, 0x0000000605800000| Untracked 
|   9|0x0000000605c00000, 0x0000000606000000, 0x0000000606000000|100%| O|  |TAMS 0x0000000605c00000, 0x0000000605c00000| Untracked 
|  10|0x0000000606000000, 0x0000000606000000, 0x0000000606400000|  0%| F|  |TAMS 0x0000000606000000, 0x0000000606000000| Untracked 
|  11|0x0000000606400000, 0x0000000606400000, 0x0000000606800000|  0%| F|  |TAMS 0x0000000606400000, 0x0000000606400000| Untracked 
|  12|0x0000000606800000, 0x0000000606800000, 0x0000000606c00000|  0%| F|  |TAMS 0x0000000606800000, 0x0000000606800000| Untracked 
|  13|0x0000000606c00000, 0x0000000606fdb600, 0x0000000607000000| 96%| O|  |TAMS 0x0000000606c00000, 0x0000000606c00000| Untracked 
|  14|0x0000000607000000, 0x0000000607000000, 0x0000000607400000|  0%| F|  |TAMS 0x0000000607000000, 0x0000000607000000| Untracked 
|  15|0x0000000607400000, 0x0000000607400000, 0x0000000607800000|  0%| F|  |TAMS 0x0000000607400000, 0x0000000607400000| Untracked 
|  16|0x0000000607800000, 0x00000006079eb6b8, 0x0000000607c00000| 47%| S|CS|TAMS 0x0000000607800000, 0x0000000607800000| Complete 
|  17|0x0000000607c00000, 0x0000000607c00000, 0x0000000608000000|  0%| F|  |TAMS 0x0000000607c00000, 0x0000000607c00000| Untracked 
|  18|0x0000000608000000, 0x0000000608000000, 0x0000000608400000|  0%| F|  |TAMS 0x0000000608000000, 0x0000000608000000| Untracked 
|  19|0x0000000608400000, 0x0000000608400000, 0x0000000608800000|  0%| F|  |TAMS 0x0000000608400000, 0x0000000608400000| Untracked 
|  20|0x0000000608800000, 0x0000000608800000, 0x0000000608c00000|  0%| F|  |TAMS 0x0000000608800000, 0x0000000608800000| Untracked 
|  21|0x0000000608c00000, 0x0000000608c00000, 0x0000000609000000|  0%| F|  |TAMS 0x0000000608c00000, 0x0000000608c00000| Untracked 
|  22|0x0000000609000000, 0x0000000609000000, 0x0000000609400000|  0%| F|  |TAMS 0x0000000609000000, 0x0000000609000000| Untracked 
|  23|0x0000000609400000, 0x0000000609400000, 0x0000000609800000|  0%| F|  |TAMS 0x0000000609400000, 0x0000000609400000| Untracked 
|  24|0x0000000609800000, 0x0000000609800000, 0x0000000609c00000|  0%| F|  |TAMS 0x0000000609800000, 0x0000000609800000| Untracked 
|  25|0x0000000609c00000, 0x0000000609c00000, 0x000000060a000000|  0%| F|  |TAMS 0x0000000609c00000, 0x0000000609c00000| Untracked 
|  26|0x000000060a000000, 0x000000060a1c5380, 0x000000060a400000| 44%| E|  |TAMS 0x000000060a000000, 0x000000060a000000| Complete 
|  27|0x000000060a400000, 0x000000060a800000, 0x000000060a800000|100%| E|CS|TAMS 0x000000060a400000, 0x000000060a400000| Complete 
|  28|0x000000060a800000, 0x000000060ac00000, 0x000000060ac00000|100%| E|CS|TAMS 0x000000060a800000, 0x000000060a800000| Complete 
|  29|0x000000060ac00000, 0x000000060b000000, 0x000000060b000000|100%| E|CS|TAMS 0x000000060ac00000, 0x000000060ac00000| Complete 
|  30|0x000000060b000000, 0x000000060b400000, 0x000000060b400000|100%| E|CS|TAMS 0x000000060b000000, 0x000000060b000000| Complete 
|  31|0x000000060b400000, 0x000000060b800000, 0x000000060b800000|100%| E|CS|TAMS 0x000000060b400000, 0x000000060b400000| Complete 
|  32|0x000000060b800000, 0x000000060bc00000, 0x000000060bc00000|100%| E|CS|TAMS 0x000000060b800000, 0x000000060b800000| Complete 
|  33|0x000000060bc00000, 0x000000060c000000, 0x000000060c000000|100%| E|CS|TAMS 0x000000060bc00000, 0x000000060bc00000| Complete 
|  82|0x0000000618000000, 0x0000000618400000, 0x0000000618400000|100%| E|CS|TAMS 0x0000000618000000, 0x0000000618000000| Complete 
|  83|0x0000000618400000, 0x0000000618800000, 0x0000000618800000|100%| E|CS|TAMS 0x0000000618400000, 0x0000000618400000| Complete 
| 127|0x0000000623400000, 0x0000000623800000, 0x0000000623800000|100%| E|CS|TAMS 0x0000000623400000, 0x0000000623400000| Complete 

Card table byte_map: [0x00000284341b0000,0x00000284351a0000] _byte_map_base: 0x0000028431194000

Marking Bits (Prev, Next): (CMBitMap*) 0x000002841bbf5a30, (CMBitMap*) 0x000002841bbf59f0
 Prev Bits: [0x000002843e0b0000, 0x0000028445fd0000)
 Next Bits: [0x0000028436190000, 0x000002843e0b0000)

Polling page: 0x0000028419ab0000

Metaspace:

Usage:
  Non-class:     25.13 MB used.
      Class:      3.72 MB used.
       Both:     28.85 MB used.

Virtual space:
  Non-class space:       64.00 MB reserved,      25.31 MB ( 40%) committed,  1 nodes.
      Class space:        1.00 GB reserved,       3.88 MB ( <1%) committed,  1 nodes.
             Both:        1.06 GB reserved,      29.19 MB (  3%) committed. 

Chunk freelists:
   Non-Class:  6.34 MB
       Class:  12.12 MB
        Both:  18.46 MB

MaxMetaspaceSize: unlimited
CompressedClassSpaceSize: 1.00 GB
Initial GC threshold: 21.00 MB
Current GC threshold: 35.25 MB
CDS: on
MetaspaceReclaimPolicy: balanced
 - commit_granule_bytes: 65536.
 - commit_granule_words: 8192.
 - virtual_space_node_default_size: 8388608.
 - enlarge_chunks_in_place: 1.
 - new_chunks_are_fully_committed: 0.
 - uncommit_free_chunks: 1.
 - use_allocation_guard: 0.
 - handle_deallocations: 1.


Internal statistics:

num_allocs_failed_limit: 3.
num_arena_births: 308.
num_arena_deaths: 0.
num_vsnodes_births: 2.
num_vsnodes_deaths: 0.
num_space_committed: 467.
num_space_uncommitted: 0.
num_chunks_returned_to_freelist: 3.
num_chunks_taken_from_freelist: 993.
num_chunk_merges: 0.
num_chunk_splits: 677.
num_chunks_enlarged: 522.
num_inconsistent_stats: 0.

CodeHeap 'non-profiled nmethods': size=119168Kb used=5713Kb max_used=5713Kb free=113454Kb
 bounds [0x000002842af80000, 0x000002842b520000, 0x00000284323e0000]
CodeHeap 'profiled nmethods': size=119104Kb used=14083Kb max_used=14083Kb free=105020Kb
 bounds [0x00000284233e0000, 0x00000284241b0000, 0x000002842a830000]
CodeHeap 'non-nmethods': size=7488Kb used=1577Kb max_used=3281Kb free=5910Kb
 bounds [0x000002842a830000, 0x000002842abf0000, 0x000002842af80000]
 total_blobs=7981 nmethods=7001 adapters=889
 compilation: enabled
              stopped_count=0, restarted_count=0
 full_count=0

Compilation events (20 events):
Event: 735.421 Thread 0x00000284496aa670 nmethod 8307 0x000002842b511c90 code [0x000002842b511e20, 0x000002842b511f38]
Event: 735.421 Thread 0x00000284496aa670 8309       4       javafx.scene.control.Labeled$StyleableProperties$2::isSettable (9 bytes)
Event: 735.421 Thread 0x0000028499cf2e50 nmethod 8308 0x000002842b512090 code [0x000002842b512220, 0x000002842b512358]
Event: 735.421 Thread 0x0000028499cf2e50 8311       4       javafx.scene.control.Labeled$StyleableProperties$1::isSettable (9 bytes)
Event: 735.421 Thread 0x00000284496aa670 nmethod 8309 0x000002842b512490 code [0x000002842b512620, 0x000002842b512758]
Event: 735.421 Thread 0x00000284496aa670 8312       4       javafx.scene.control.Labeled$StyleableProperties$5::isSettable (9 bytes)
Event: 735.422 Thread 0x0000028499cf2e50 nmethod 8311 0x000002842b512890 code [0x000002842b512a20, 0x000002842b512b58]
Event: 735.422 Thread 0x0000028499cf2e50 8313       4       javafx.scene.control.Labeled$StyleableProperties$3::isSettable (9 bytes)
Event: 735.422 Thread 0x00000284496aa670 nmethod 8312 0x000002842b512c90 code [0x000002842b512e20, 0x000002842b512f58]
Event: 735.422 Thread 0x0000028499cf2e50 nmethod 8313 0x000002842b513090 code [0x000002842b513220, 0x000002842b513358]
Event: 735.532 Thread 0x00000284496ab730 8314       3       javafx.scene.control.Labeled::contentDisplayProperty (27 bytes)
Event: 735.532 Thread 0x00000284496ab730 nmethod 8314 0x00000284241a1b10 code [0x00000284241a1ce0, 0x00000284241a20c8]
Event: 736.236 Thread 0x00000284496aa670 8315       4       com.sun.javafx.scene.control.LabeledText$1::isSettable (9 bytes)
Event: 736.237 Thread 0x00000284496ab730 8317       3       com.sun.javafx.scene.NodeHelper::syncPeer (10 bytes)
Event: 736.237 Thread 0x00000284496ab730 nmethod 8317 0x00000284241a2210 code [0x00000284241a23c0, 0x00000284241a2588]
Event: 736.237 Thread 0x00000284496ab730 8318       3       javafx.scene.Node$1::syncPeer (5 bytes)
Event: 736.237 Thread 0x00000284496ab730 nmethod 8318 0x00000284241a2710 code [0x00000284241a28c0, 0x00000284241a2a08]
Event: 736.239 Thread 0x00000284496aa670 nmethod 8315 0x000002842b513490 code [0x000002842b513640, 0x000002842b513db8]
Event: 736.239 Thread 0x00000284496aa670 8316       4       com.sun.javafx.scene.control.LabeledText$4::isSettable (9 bytes)
Event: 736.240 Thread 0x00000284496aa670 nmethod 8316 0x000002842b514010 code [0x000002842b5141a0, 0x000002842b514438]

GC Heap History (18 events):
Event: 0.317 GC heap before
{Heap before GC invocations=0 (full 0):
 garbage-first heap   total 524288K, used 20480K [0x0000000603800000, 0x0000000800000000)
  region size 4096K, 6 young (24576K), 0 survivors (0K)
 Metaspace       used 4723K, committed 4928K, reserved 1114112K
  class space    used 553K, committed 640K, reserved 1048576K
}
Event: 0.319 GC heap after
{Heap after GC invocations=1 (full 0):
 garbage-first heap   total 524288K, used 2832K [0x0000000603800000, 0x0000000800000000)
  region size 4096K, 1 young (4096K), 1 survivors (4096K)
 Metaspace       used 4723K, committed 4928K, reserved 1114112K
  class space    used 553K, committed 640K, reserved 1048576K
}
Event: 0.623 GC heap before
{Heap before GC invocations=1 (full 0):
 garbage-first heap   total 524288K, used 43792K [0x0000000603800000, 0x0000000800000000)
  region size 4096K, 12 young (49152K), 1 survivors (4096K)
 Metaspace       used 15090K, committed 15360K, reserved 1114112K
  class space    used 2303K, committed 2432K, reserved 1048576K
}
Event: 0.626 GC heap after
{Heap after GC invocations=2 (full 0):
 garbage-first heap   total 524288K, used 7984K [0x0000000603800000, 0x0000000800000000)
  region size 4096K, 2 young (8192K), 2 survivors (8192K)
 Metaspace       used 15090K, committed 15360K, reserved 1114112K
  class space    used 2303K, committed 2432K, reserved 1048576K
}
Event: 75.478 GC heap before
{Heap before GC invocations=2 (full 0):
 garbage-first heap   total 524288K, used 147248K [0x0000000603800000, 0x0000000800000000)
  region size 4096K, 37 young (151552K), 2 survivors (8192K)
 Metaspace       used 18754K, committed 19072K, reserved 1114112K
  class space    used 2615K, committed 2752K, reserved 1048576K
}
Event: 75.499 GC heap after
{Heap after GC invocations=3 (full 0):
 garbage-first heap   total 524288K, used 28049K [0x0000000603800000, 0x0000000800000000)
  region size 4096K, 5 young (20480K), 5 survivors (20480K)
 Metaspace       used 18754K, committed 19072K, reserved 1114112K
  class space    used 2615K, committed 2752K, reserved 1048576K
}
Event: 76.208 GC heap before
{Heap before GC invocations=3 (full 0):
 garbage-first heap   total 524288K, used 36241K [0x0000000603800000, 0x0000000800000000)
  region size 4096K, 7 young (28672K), 5 survivors (20480K)
 Metaspace       used 18777K, committed 19072K, reserved 1114112K
  class space    used 2615K, committed 2752K, reserved 1048576K
}
Event: 76.212 GC heap after
{Heap after GC invocations=4 (full 0):
 garbage-first heap   total 524288K, used 30412K [0x0000000603800000, 0x0000000800000000)
  region size 4096K, 1 young (4096K), 1 survivors (4096K)
 Metaspace       used 18777K, committed 19072K, reserved 1114112K
  class space    used 2615K, committed 2752K, reserved 1048576K
}
Event: 138.485 GC heap before
{Heap before GC invocations=4 (full 0):
 garbage-first heap   total 524288K, used 210636K [0x0000000603800000, 0x0000000800000000)
  region size 4096K, 46 young (188416K), 1 survivors (4096K)
 Metaspace       used 19408K, committed 19648K, reserved 1114112K
  class space    used 2622K, committed 2752K, reserved 1048576K
}
Event: 138.488 GC heap after
{Heap after GC invocations=5 (full 0):
 garbage-first heap   total 524288K, used 32459K [0x0000000603800000, 0x0000000800000000)
  region size 4096K, 1 young (4096K), 1 survivors (4096K)
 Metaspace       used 19408K, committed 19648K, reserved 1114112K
  class space    used 2622K, committed 2752K, reserved 1048576K
}
Event: 199.505 GC heap before
{Heap before GC invocations=5 (full 0):
 garbage-first heap   total 524288K, used 204491K [0x0000000603800000, 0x0000000800000000)
  region size 4096K, 45 young (184320K), 1 survivors (4096K)
 Metaspace       used 21301K, committed 21504K, reserved 1114112K
  class space    used 2758K, committed 2880K, reserved 1048576K
}
Event: 199.507 GC heap after
{Heap after GC invocations=6 (full 0):
 garbage-first heap   total 524288K, used 37045K [0x0000000603800000, 0x0000000800000000)
  region size 4096K, 2 young (8192K), 2 survivors (8192K)
 Metaspace       used 21301K, committed 21504K, reserved 1114112K
  class space    used 2758K, committed 2880K, reserved 1048576K
}
Event: 439.659 GC heap before
{Heap before GC invocations=7 (full 0):
 garbage-first heap   total 151552K, used 123061K [0x0000000603800000, 0x0000000800000000)
  region size 4096K, 24 young (98304K), 2 survivors (8192K)
 Metaspace       used 29501K, committed 29760K, reserved 1114112K
  class space    used 3806K, committed 3968K, reserved 1048576K
}
Event: 439.662 GC heap after
{Heap after GC invocations=8 (full 0):
 garbage-first heap   total 151552K, used 38689K [0x0000000603800000, 0x0000000800000000)
  region size 4096K, 3 young (12288K), 3 survivors (12288K)
 Metaspace       used 29501K, committed 29760K, reserved 1114112K
  class space    used 3806K, committed 3968K, reserved 1048576K
}
Event: 531.555 GC heap before
{Heap before GC invocations=8 (full 0):
 garbage-first heap   total 151552K, used 42785K [0x0000000603800000, 0x0000000800000000)
  region size 4096K, 4 young (16384K), 3 survivors (12288K)
 Metaspace       used 29510K, committed 29760K, reserved 1114112K
  class space    used 3807K, committed 3968K, reserved 1048576K
}
Event: 531.558 GC heap after
{Heap after GC invocations=9 (full 0):
 garbage-first heap   total 151552K, used 34282K [0x0000000603800000, 0x0000000800000000)
  region size 4096K, 1 young (4096K), 1 survivors (4096K)
 Metaspace       used 29510K, committed 29760K, reserved 1114112K
  class space    used 3807K, committed 3968K, reserved 1048576K
}
Event: 559.139 GC heap before
{Heap before GC invocations=9 (full 0):
 garbage-first heap   total 151552K, used 108010K [0x0000000603800000, 0x0000000800000000)
  region size 4096K, 20 young (81920K), 1 survivors (4096K)
 Metaspace       used 29531K, committed 29824K, reserved 1114112K
  class space    used 3807K, committed 3968K, reserved 1048576K
}
Event: 559.140 GC heap after
{Heap after GC invocations=10 (full 0):
 garbage-first heap   total 151552K, used 34587K [0x0000000603800000, 0x0000000800000000)
  region size 4096K, 1 young (4096K), 1 survivors (4096K)
 Metaspace       used 29531K, committed 29824K, reserved 1114112K
  class space    used 3807K, committed 3968K, reserved 1048576K
}

Deoptimization events (20 events):
Event: 358.106 Thread 0x000002848fea75a0 DEOPT PACKING pc=0x000002842b1ea1d4 sp=0x000000fc790fd660
Event: 358.106 Thread 0x000002848fea75a0 DEOPT UNPACKING pc=0x000002842a8823a3 sp=0x000000fc790fd618 mode 2
Event: 439.132 Thread 0x000002848fea75a0 Uncommon trap: trap_request=0xffffffbe fr.pc=0x000002842b49a1ac relative=0x0000000000001f2c
Event: 439.132 Thread 0x000002848fea75a0 Uncommon trap: reason=profile_predicate action=maybe_recompile pc=0x000002842b49a1ac method=javafx.scene.Parent.updateCachedBounds(Ljava/util/List;I)Z @ 213 c2
Event: 439.132 Thread 0x000002848fea75a0 DEOPT PACKING pc=0x000002842b49a1ac sp=0x000000fc790fe4a0
Event: 439.132 Thread 0x000002848fea75a0 DEOPT UNPACKING pc=0x000002842a8823a3 sp=0x000000fc790fe430 mode 2
Event: 439.132 Thread 0x000002848fea75a0 Uncommon trap: trap_request=0xffffffbe fr.pc=0x000002842b49a1ac relative=0x0000000000001f2c
Event: 439.132 Thread 0x000002848fea75a0 Uncommon trap: reason=profile_predicate action=maybe_recompile pc=0x000002842b49a1ac method=javafx.scene.Parent.updateCachedBounds(Ljava/util/List;I)Z @ 213 c2
Event: 439.132 Thread 0x000002848fea75a0 DEOPT PACKING pc=0x000002842b49a1ac sp=0x000000fc790fe4a0
Event: 439.132 Thread 0x000002848fea75a0 DEOPT UNPACKING pc=0x000002842a8823a3 sp=0x000000fc790fe430 mode 2
Event: 439.132 Thread 0x000002848fea75a0 Uncommon trap: trap_request=0xffffffbe fr.pc=0x000002842b49a1ac relative=0x0000000000001f2c
Event: 439.132 Thread 0x000002848fea75a0 Uncommon trap: reason=profile_predicate action=maybe_recompile pc=0x000002842b49a1ac method=javafx.scene.Parent.updateCachedBounds(Ljava/util/List;I)Z @ 213 c2
Event: 439.132 Thread 0x000002848fea75a0 DEOPT PACKING pc=0x000002842b49a1ac sp=0x000000fc790fe4e0
Event: 439.132 Thread 0x000002848fea75a0 DEOPT UNPACKING pc=0x000002842a8823a3 sp=0x000000fc790fe470 mode 2
Event: 439.164 Thread 0x000002848fea75a0 Uncommon trap: trap_request=0xffffffbe fr.pc=0x000002842b49a1ac relative=0x0000000000001f2c
Event: 439.164 Thread 0x000002848fea75a0 Uncommon trap: reason=profile_predicate action=maybe_recompile pc=0x000002842b49a1ac method=javafx.scene.Parent.updateCachedBounds(Ljava/util/List;I)Z @ 213 c2
Event: 439.164 Thread 0x000002848fea75a0 DEOPT PACKING pc=0x000002842b49a1ac sp=0x000000fc790fe4a0
Event: 439.164 Thread 0x000002848fea75a0 DEOPT UNPACKING pc=0x000002842a8823a3 sp=0x000000fc790fe430 mode 2
Event: 546.778 Thread 0x000002848fea75a0 DEOPT PACKING pc=0x00000284240e4c37 sp=0x000000fc790fddd0
Event: 546.778 Thread 0x000002848fea75a0 DEOPT UNPACKING pc=0x000002842a882b43 sp=0x000000fc790fd2c8 mode 0

Classes unloaded (0 events):
No events

Classes redefined (0 events):
No events

Internal exceptions (20 events):
Event: 79.507 Thread 0x000002848fea75a0 Exception <a 'java/lang/NoSuchMethodError'{0x0000000623632090}: 'java.lang.Object java.lang.invoke.DirectMethodHandle$Holder.newInvokeSpecial(java.lang.Object, java.lang.Object, int, int, int, int, int, java.lang.Object)'> (0x0000000623632090) 
thrown [s\open\src\hotspot\share\interpreter\linkResolver.cpp, line 759]
Event: 79.507 Thread 0x000002848fea75a0 Exception <a 'java/lang/NoSuchMethodError'{0x0000000623645070}: 'java.lang.Object java.lang.invoke.DirectMethodHandle$Holder.newInvokeSpecial(java.lang.Object, java.lang.Object, java.lang.Object, int, int, int, int, int)'> (0x0000000623645070) 
thrown [s\open\src\hotspot\share\interpreter\linkResolver.cpp, line 759]
Event: 79.508 Thread 0x000002848fea75a0 Exception <a 'java/lang/NoSuchMethodError'{0x000000062364c8d0}: 'java.lang.Object java.lang.invoke.Invokers$Holder.linkToTargetMethod(java.lang.Object, java.lang.Object, int, int, int, int, int, java.lang.Object)'> (0x000000062364c8d0) 
thrown [s\open\src\hotspot\share\interpreter\linkResolver.cpp, line 759]
Event: 128.463 Thread 0x000002848fea75a0 Implicit null exception at 0x000002842b1015a2 to 0x000002842b1015fc
Event: 181.930 Thread 0x000002848fea75a0 Implicit null exception at 0x000002842b3cd7f5 to 0x000002842b3ce285
Event: 186.572 Thread 0x000002848f6c8e20 Implicit null exception at 0x000002842b04745c to 0x000002842b0497d9
Event: 199.478 Thread 0x000002848fea75a0 Exception <a 'java/lang/ClassNotFoundException'{0x0000000618a7caa0}: sun/awt/resources/spi/awtProvider> (0x0000000618a7caa0) 
thrown [s\open\src\hotspot\share\classfile\systemDictionary.cpp, line 256]
Event: 199.484 Thread 0x000002848fea75a0 Exception <a 'java/io/FileNotFoundException'{0x0000000618a7f888}> (0x0000000618a7f888) 
thrown [s\open\src\hotspot\share\prims\jni.cpp, line 516]
Event: 199.484 Thread 0x000002848fea75a0 Exception <a 'java/io/FileNotFoundException'{0x0000000618a81050}> (0x0000000618a81050) 
thrown [s\open\src\hotspot\share\prims\jni.cpp, line 516]
Event: 199.507 Thread 0x000002848fea75a0 Implicit null exception at 0x000002842b02f305 to 0x000002842b02f4d0
Event: 199.523 Thread 0x000002848fea75a0 Exception <a 'java/lang/NoSuchMethodError'{0x000000062346bdb8}: 'java.lang.Object java.lang.invoke.DirectMethodHandle$Holder.invokeStatic(java.lang.Object, int, java.lang.Object, java.lang.Object, java.lang.Object, java.lang.Object)'> (0x000000062346bdb8) 
thrown [s\open\src\hotspot\share\interpreter\linkResolver.cpp, line 759]
Event: 199.532 Thread 0x000002848fea75a0 Exception <a 'java/lang/ClassNotFoundException'{0x000000062354ae50}: com/sun/swing/internal/plaf/metal/resources/spi/metalProvider> (0x000000062354ae50) 
thrown [s\open\src\hotspot\share\classfile\systemDictionary.cpp, line 256]
Event: 199.532 Thread 0x000002848fea75a0 Exception <a 'java/lang/ClassNotFoundException'{0x000000062354f088}: com/sun/swing/internal/plaf/basic/resources/spi/basicProvider> (0x000000062354f088) 
thrown [s\open\src\hotspot\share\classfile\systemDictionary.cpp, line 256]
Event: 199.541 Thread 0x0000028497680530 Exception <a 'java/lang/NoSuchMethodError'{0x000000062375a0a0}: 'java.lang.Object java.lang.invoke.DirectMethodHandle$Holder.invokeStatic(java.lang.Object, java.lang.Object, java.lang.Object, int, int, int, int, int)'> (0x000000062375a0a0) 
thrown [s\open\src\hotspot\share\interpreter\linkResolver.cpp, line 759]
Event: 199.740 Thread 0x000002848fea75a0 Implicit null exception at 0x000002842b1c386f to 0x000002842b1c3e5c
Event: 199.741 Thread 0x000002848fea75a0 Implicit null exception at 0x000002842b0f718c to 0x000002842b0f71bc
Event: 199.789 Thread 0x000002848fea75a0 Exception <a 'java/lang/NoSuchMethodError'{0x000000060bece990}: 'int java.lang.invoke.DirectMethodHandle$Holder.invokeStatic(java.lang.Object)'> (0x000000060bece990) 
thrown [s\open\src\hotspot\share\interpreter\linkResolver.cpp, line 759]
Event: 205.229 Thread 0x000002849767d290 Implicit null exception at 0x000002842b27bffb to 0x000002842b27c098
Event: 297.924 Thread 0x000002848fea75a0 Exception <a 'java/lang/NoSuchMethodError'{0x0000000608f23440}: 'void java.lang.invoke.DirectMethodHandle$Holder.invokeSpecial(java.lang.Object, java.lang.Object, int)'> (0x0000000608f23440) 
thrown [s\open\src\hotspot\share\interpreter\linkResolver.cpp, line 759]
Event: 358.106 Thread 0x000002848fea75a0 Implicit null exception at 0x000002842b0d3ccf to 0x000002842b0d4958

VM Operations (20 events):
Event: 553.569 Executing VM operation: Cleanup
Event: 553.569 Executing VM operation: Cleanup done
Event: 559.139 Executing VM operation: G1CollectForAllocation
Event: 559.140 Executing VM operation: G1CollectForAllocation done
Event: 565.143 Executing VM operation: Cleanup
Event: 565.143 Executing VM operation: Cleanup done
Event: 566.143 Executing VM operation: Cleanup
Event: 566.144 Executing VM operation: Cleanup done
Event: 582.152 Executing VM operation: Cleanup
Event: 582.152 Executing VM operation: Cleanup done
Event: 587.153 Executing VM operation: Cleanup
Event: 587.153 Executing VM operation: Cleanup done
Event: 639.182 Executing VM operation: Cleanup
Event: 639.182 Executing VM operation: Cleanup done
Event: 641.183 Executing VM operation: Cleanup
Event: 641.183 Executing VM operation: Cleanup done
Event: 642.184 Executing VM operation: Cleanup
Event: 642.184 Executing VM operation: Cleanup done
Event: 736.233 Executing VM operation: Cleanup
Event: 736.233 Executing VM operation: Cleanup done

Events (20 events):
Event: 306.971 Thread 0x0000028497b05010 Thread added: 0x0000028497b05010
Event: 308.851 Thread 0x0000028497b05010 Thread exited: 0x0000028497b05010
Event: 308.851 Thread 0x0000028497b09a70 Thread exited: 0x0000028497b09a70
Event: 439.662 Thread 0x0000028497681970 Thread added: 0x0000028497681970
Event: 439.663 loading class sun/awt/shell/Win32ShellFolder2$FolderDisposer$1
Event: 439.663 loading class sun/awt/shell/Win32ShellFolder2$FolderDisposer$1 done
Event: 440.273 Thread 0x00000284496bd670 flushing nmethod 0x0000028423929410
Event: 440.274 Thread 0x00000284496bd670 flushing nmethod 0x0000028423fecf10
Event: 440.274 Thread 0x00000284496bd670 flushing nmethod 0x0000028424011d90
Event: 440.275 Thread 0x00000284496bd670 flushing nmethod 0x0000028424021310
Event: 440.275 Thread 0x00000284496bd670 flushing nmethod 0x000002842402bf90
Event: 440.275 Thread 0x00000284496bd670 flushing nmethod 0x000002842404fc90
Event: 440.667 Thread 0x0000028497681970 Thread exited: 0x0000028497681970
Event: 444.422 Thread 0x0000028497681970 Thread added: 0x0000028497681970
Event: 445.428 Thread 0x0000028497681970 Thread exited: 0x0000028497681970
Event: 560.694 Thread 0x0000028497681970 Thread added: 0x0000028497681970
Event: 561.694 Thread 0x0000028497681970 Thread exited: 0x0000028497681970
Event: 735.420 Thread 0x0000028499cf2e50 Thread added: 0x0000028499cf2e50
Event: 735.532 Thread 0x0000028499cf2e50 Thread exited: 0x0000028499cf2e50
Event: 736.227 Thread 0x0000028497681970 Thread added: 0x0000028497681970


Dynamic libraries:
0x00007ff7070f0000 - 0x00007ff707100000 	C:\Program Files\Java\jdk-17\bin\java.exe
0x00007ffe35f90000 - 0x00007ffe361a6000 	C:\Windows\SYSTEM32\ntdll.dll
0x00007ffe355f0000 - 0x00007ffe356b4000 	C:\Windows\System32\KERNEL32.DLL
0x00007ffe33930000 - 0x00007ffe33cd6000 	C:\Windows\System32\KERNELBASE.dll
0x00007ffe33540000 - 0x00007ffe33651000 	C:\Windows\System32\ucrtbase.dll
0x00007ffe28ef0000 - 0x00007ffe28f09000 	C:\Program Files\Java\jdk-17\bin\jli.dll
0x00007ffe28e30000 - 0x00007ffe28e4b000 	C:\Program Files\Java\jdk-17\bin\VCRUNTIME140.dll
0x00007ffe34ca0000 - 0x00007ffe34d52000 	C:\Windows\System32\ADVAPI32.dll
0x00007ffe34b10000 - 0x00007ffe34bb7000 	C:\Windows\System32\msvcrt.dll
0x00007ffe33f80000 - 0x00007ffe34028000 	C:\Windows\System32\sechost.dll
0x00007ffe33720000 - 0x00007ffe33748000 	C:\Windows\System32\bcrypt.dll
0x00007ffe33d00000 - 0x00007ffe33e15000 	C:\Windows\System32\RPCRT4.dll
0x00007ffe356c0000 - 0x00007ffe3586d000 	C:\Windows\System32\USER32.dll
0x00007ffe332d0000 - 0x00007ffe332f6000 	C:\Windows\System32\win32u.dll
0x00007ffe34c50000 - 0x00007ffe34c79000 	C:\Windows\System32\GDI32.dll
0x00007ffe33300000 - 0x00007ffe33418000 	C:\Windows\System32\gdi32full.dll
0x00007ffe28660000 - 0x00007ffe288f3000 	C:\Windows\WinSxS\amd64_microsoft.windows.common-controls_6595b64144ccf1df_6.0.22621.3235_none_270f74e173860f98\COMCTL32.dll
0x00007ffe334a0000 - 0x00007ffe3353a000 	C:\Windows\System32\msvcp_win.dll
0x00007ffe2cb50000 - 0x00007ffe2cb5a000 	C:\Windows\SYSTEM32\VERSION.dll
0x00007ffe34200000 - 0x00007ffe34231000 	C:\Windows\System32\IMM32.DLL
0x00007ffe28e20000 - 0x00007ffe28e2c000 	C:\Program Files\Java\jdk-17\bin\vcruntime140_1.dll
0x00007ffe276f0000 - 0x00007ffe2777e000 	C:\Program Files\Java\jdk-17\bin\msvcp140.dll
0x00007ffdae060000 - 0x00007ffdaec41000 	C:\Program Files\Java\jdk-17\bin\server\jvm.dll
0x00007ffe341f0000 - 0x00007ffe341f8000 	C:\Windows\System32\PSAPI.DLL
0x00007ffe0a660000 - 0x00007ffe0a669000 	C:\Windows\SYSTEM32\WSOCK32.dll
0x00007ffe2b1b0000 - 0x00007ffe2b1e4000 	C:\Windows\SYSTEM32\WINMM.dll
0x00007ffe359d0000 - 0x00007ffe35a41000 	C:\Windows\System32\WS2_32.dll
0x00007ffe32400000 - 0x00007ffe32418000 	C:\Windows\SYSTEM32\kernel.appcore.dll
0x00007ffe28e10000 - 0x00007ffe28e1a000 	C:\Program Files\Java\jdk-17\bin\jimage.dll
0x00007ffe2bb60000 - 0x00007ffe2bd93000 	C:\Windows\SYSTEM32\DBGHELP.DLL
0x00007ffe35bc0000 - 0x00007ffe35f48000 	C:\Windows\System32\combase.dll
0x00007ffe34f80000 - 0x00007ffe35057000 	C:\Windows\System32\OLEAUT32.dll
0x00007ffe2bb20000 - 0x00007ffe2bb52000 	C:\Windows\SYSTEM32\dbgcore.DLL
0x00007ffe33420000 - 0x00007ffe3349a000 	C:\Windows\System32\bcryptPrimitives.dll
0x00007ffe28ad0000 - 0x00007ffe28af5000 	C:\Program Files\Java\jdk-17\bin\java.dll
0x00007ffe103a0000 - 0x00007ffe10477000 	C:\Program Files\Java\jdk-17\bin\jsvml.dll
0x00007ffe342b0000 - 0x00007ffe34b0d000 	C:\Windows\System32\SHELL32.dll
0x00007ffe31240000 - 0x00007ffe31b38000 	C:\Windows\SYSTEM32\windows.storage.dll
0x00007ffe31100000 - 0x00007ffe3123e000 	C:\Windows\SYSTEM32\wintypes.dll
0x00007ffe33e80000 - 0x00007ffe33f73000 	C:\Windows\System32\SHCORE.dll
0x00007ffe35a50000 - 0x00007ffe35aae000 	C:\Windows\System32\shlwapi.dll
0x00007ffe33200000 - 0x00007ffe33226000 	C:\Windows\SYSTEM32\profapi.dll
0x00007ffe28590000 - 0x00007ffe285a9000 	C:\Program Files\Java\jdk-17\bin\net.dll
0x00007ffe2e2f0000 - 0x00007ffe2e427000 	C:\Windows\SYSTEM32\WINHTTP.dll
0x00007ffe32880000 - 0x00007ffe328e9000 	C:\Windows\system32\mswsock.dll
0x00007ffe28570000 - 0x00007ffe28586000 	C:\Program Files\Java\jdk-17\bin\nio.dll
0x00007ffe28550000 - 0x00007ffe28568000 	C:\Program Files\Java\jdk-17\bin\zip.dll
0x0000028419b20000 - 0x0000028419b23000 	C:\Users\aaron\.openjfx\cache\17.0.6\api-ms-win-core-console-l1-1-0.dll
0x0000028419b30000 - 0x0000028419b33000 	C:\Users\aaron\.openjfx\cache\17.0.6\api-ms-win-core-console-l1-2-0.dll
0x0000028419b40000 - 0x0000028419b43000 	C:\Users\aaron\.openjfx\cache\17.0.6\api-ms-win-core-datetime-l1-1-0.dll
0x0000028419b50000 - 0x0000028419b53000 	C:\Users\aaron\.openjfx\cache\17.0.6\api-ms-win-core-debug-l1-1-0.dll
0x000002841ba50000 - 0x000002841ba53000 	C:\Users\aaron\.openjfx\cache\17.0.6\api-ms-win-core-errorhandling-l1-1-0.dll
0x000002841ba60000 - 0x000002841ba64000 	C:\Users\aaron\.openjfx\cache\17.0.6\api-ms-win-core-file-l1-1-0.dll
0x000002841ba70000 - 0x000002841ba73000 	C:\Users\aaron\.openjfx\cache\17.0.6\api-ms-win-core-file-l1-2-0.dll
0x000002841ba80000 - 0x000002841ba83000 	C:\Users\aaron\.openjfx\cache\17.0.6\api-ms-win-core-file-l2-1-0.dll
0x000002841ba90000 - 0x000002841ba93000 	C:\Users\aaron\.openjfx\cache\17.0.6\api-ms-win-core-handle-l1-1-0.dll
0x000002841baa0000 - 0x000002841baa3000 	C:\Users\aaron\.openjfx\cache\17.0.6\api-ms-win-core-heap-l1-1-0.dll
0x000002841bab0000 - 0x000002841bab3000 	C:\Users\aaron\.openjfx\cache\17.0.6\api-ms-win-core-interlocked-l1-1-0.dll
0x000002841bac0000 - 0x000002841bac3000 	C:\Users\aaron\.openjfx\cache\17.0.6\api-ms-win-core-libraryloader-l1-1-0.dll
0x000002841bad0000 - 0x000002841bad3000 	C:\Users\aaron\.openjfx\cache\17.0.6\api-ms-win-core-localization-l1-2-0.dll
0x000002841bae0000 - 0x000002841bae3000 	C:\Users\aaron\.openjfx\cache\17.0.6\api-ms-win-core-memory-l1-1-0.dll
0x000002841baf0000 - 0x000002841baf3000 	C:\Users\aaron\.openjfx\cache\17.0.6\api-ms-win-core-namedpipe-l1-1-0.dll
0x000002841bb00000 - 0x000002841bb03000 	C:\Users\aaron\.openjfx\cache\17.0.6\api-ms-win-core-processenvironment-l1-1-0.dll
0x0000028449b10000 - 0x0000028449b13000 	C:\Users\aaron\.openjfx\cache\17.0.6\api-ms-win-core-processthreads-l1-1-0.dll
0x0000028449b20000 - 0x0000028449b23000 	C:\Users\aaron\.openjfx\cache\17.0.6\api-ms-win-core-processthreads-l1-1-1.dll
0x0000028449b30000 - 0x0000028449b33000 	C:\Users\aaron\.openjfx\cache\17.0.6\api-ms-win-core-profile-l1-1-0.dll
0x0000028449b40000 - 0x0000028449b43000 	C:\Users\aaron\.openjfx\cache\17.0.6\api-ms-win-core-rtlsupport-l1-1-0.dll
0x0000028449b50000 - 0x0000028449b53000 	C:\Users\aaron\.openjfx\cache\17.0.6\api-ms-win-core-string-l1-1-0.dll
0x0000028449b60000 - 0x0000028449b63000 	C:\Users\aaron\.openjfx\cache\17.0.6\api-ms-win-core-synch-l1-1-0.dll
0x0000028449b70000 - 0x0000028449b73000 	C:\Users\aaron\.openjfx\cache\17.0.6\api-ms-win-core-synch-l1-2-0.dll
0x0000028449b80000 - 0x0000028449b83000 	C:\Users\aaron\.openjfx\cache\17.0.6\api-ms-win-core-sysinfo-l1-1-0.dll
0x0000028449b90000 - 0x0000028449b93000 	C:\Users\aaron\.openjfx\cache\17.0.6\api-ms-win-core-timezone-l1-1-0.dll
0x0000028449ba0000 - 0x0000028449ba3000 	C:\Users\aaron\.openjfx\cache\17.0.6\api-ms-win-core-util-l1-1-0.dll
0x0000028449bb0000 - 0x0000028449bb3000 	C:\Users\aaron\.openjfx\cache\17.0.6\api-ms-win-crt-conio-l1-1-0.dll
0x0000028449bc0000 - 0x0000028449bc4000 	C:\Users\aaron\.openjfx\cache\17.0.6\api-ms-win-crt-convert-l1-1-0.dll
0x0000028449bd0000 - 0x0000028449bd3000 	C:\Users\aaron\.openjfx\cache\17.0.6\api-ms-win-crt-environment-l1-1-0.dll
0x0000028449be0000 - 0x0000028449be3000 	C:\Users\aaron\.openjfx\cache\17.0.6\api-ms-win-crt-filesystem-l1-1-0.dll
0x0000028449bf0000 - 0x0000028449bf3000 	C:\Users\aaron\.openjfx\cache\17.0.6\api-ms-win-crt-heap-l1-1-0.dll
0x0000028449c00000 - 0x0000028449c03000 	C:\Users\aaron\.openjfx\cache\17.0.6\api-ms-win-crt-locale-l1-1-0.dll
0x0000028449c10000 - 0x0000028449c15000 	C:\Users\aaron\.openjfx\cache\17.0.6\api-ms-win-crt-math-l1-1-0.dll
0x0000028449c20000 - 0x0000028449c25000 	C:\Users\aaron\.openjfx\cache\17.0.6\api-ms-win-crt-multibyte-l1-1-0.dll
0x0000028449c30000 - 0x0000028449c40000 	C:\Users\aaron\.openjfx\cache\17.0.6\api-ms-win-crt-private-l1-1-0.dll
0x0000028449c40000 - 0x0000028449c43000 	C:\Users\aaron\.openjfx\cache\17.0.6\api-ms-win-crt-process-l1-1-0.dll
0x0000028449c50000 - 0x0000028449c54000 	C:\Users\aaron\.openjfx\cache\17.0.6\api-ms-win-crt-runtime-l1-1-0.dll
0x0000028449c60000 - 0x0000028449c64000 	C:\Users\aaron\.openjfx\cache\17.0.6\api-ms-win-crt-stdio-l1-1-0.dll
0x0000028449c70000 - 0x0000028449c74000 	C:\Users\aaron\.openjfx\cache\17.0.6\api-ms-win-crt-string-l1-1-0.dll
0x0000028449c80000 - 0x0000028449c83000 	C:\Users\aaron\.openjfx\cache\17.0.6\api-ms-win-crt-time-l1-1-0.dll
0x0000028449c90000 - 0x0000028449c93000 	C:\Users\aaron\.openjfx\cache\17.0.6\api-ms-win-crt-utility-l1-1-0.dll
0x00007ffd90c70000 - 0x00007ffd90d6c000 	C:\Users\aaron\.openjfx\cache\17.0.6\ucrtbase.dll
0x00007ffe02830000 - 0x00007ffe0284a000 	C:\Users\aaron\.openjfx\cache\17.0.6\vcruntime140.dll
0x00007ffe07ed0000 - 0x00007ffe07edc000 	C:\Users\aaron\.openjfx\cache\17.0.6\vcruntime140_1.dll
0x00007ffd8f2d0000 - 0x00007ffd8f35d000 	C:\Users\aaron\.openjfx\cache\17.0.6\msvcp140.dll
0x00007ffe01a80000 - 0x00007ffe01a89000 	C:\Users\aaron\.openjfx\cache\17.0.6\msvcp140_1.dll
0x00007ffe01a50000 - 0x00007ffe01a7f000 	C:\Users\aaron\.openjfx\cache\17.0.6\msvcp140_2.dll
0x00007ffdf2170000 - 0x00007ffdf219a000 	C:\Users\aaron\.openjfx\cache\17.0.6\prism_d3d.dll
0x00007ffdffe40000 - 0x00007ffdfffe9000 	C:\Windows\system32\d3d9.dll
0x00007ffe30a00000 - 0x00007ffe30a2b000 	C:\Windows\SYSTEM32\dwmapi.dll
0x00007ffe30a70000 - 0x00007ffe30aa9000 	C:\Windows\SYSTEM32\dxcore.dll
0x00007ffe30780000 - 0x00007ffe3082b000 	C:\Windows\system32\uxtheme.dll
0x00007ffe2a2c0000 - 0x00007ffe2a37e000 	C:\Windows\System32\DriverStore\FileRepository\nv_dispi.inf_amd64_493585427225c794\nvldumdx.dll
0x00007ffe32f70000 - 0x00007ffe32f82000 	C:\Windows\SYSTEM32\msasn1.dll
0x00007ffe2cb00000 - 0x00007ffe2cb32000 	C:\Windows\SYSTEM32\cryptnet.dll
0x00007ffe33750000 - 0x00007ffe338b6000 	C:\Windows\System32\CRYPT32.dll
0x00007ffe2c850000 - 0x00007ffe2c9a8000 	C:\Windows\SYSTEM32\drvstore.dll
0x00007ffe32f90000 - 0x00007ffe32fbc000 	C:\Windows\SYSTEM32\devobj.dll
0x00007ffe32fe0000 - 0x00007ffe3302e000 	C:\Windows\SYSTEM32\cfgmgr32.dll
0x00007ffe32b80000 - 0x00007ffe32bcb000 	C:\Windows\SYSTEM32\wldp.dll
0x00007ffe32af0000 - 0x00007ffe32afc000 	C:\Windows\SYSTEM32\cryptbase.dll
0x00007ffe338c0000 - 0x00007ffe3392b000 	C:\Windows\System32\wintrust.dll
0x00007ffe34290000 - 0x00007ffe342af000 	C:\Windows\System32\imagehlp.dll
0x00007ffe32ad0000 - 0x00007ffe32aeb000 	C:\Windows\SYSTEM32\CRYPTSP.dll
0x00007ffe32360000 - 0x00007ffe32395000 	C:\Windows\system32\rsaenh.dll
0x00007ffe24990000 - 0x00007ffe26bad000 	C:\Windows\System32\DriverStore\FileRepository\nv_dispi.inf_amd64_493585427225c794\nvgpucomp64.dll
0x00007ffdbd0d0000 - 0x00007ffdbf47f000 	C:\Windows\System32\DriverStore\FileRepository\nv_dispi.inf_amd64_493585427225c794\nvd3dumx.dll
0x00007ffe2dfc0000 - 0x00007ffe2e00a000 	C:\Windows\SYSTEM32\directxdatabasehelper.dll
0x00007ffe00900000 - 0x00007ffe009b0000 	C:\Windows\SYSTEM32\d3d9on12.dll
0x00007ffdf12a0000 - 0x00007ffdf12c6000 	C:\Windows\SYSTEM32\d3d12.dll
0x00007ffe308f0000 - 0x00007ffe309e8000 	C:\Windows\SYSTEM32\dxgi.dll
0x00007ffdc2880000 - 0x00007ffdc2a83000 	C:\Windows\SYSTEM32\D3D12Core.dll
0x00007ffe100c0000 - 0x00007ffe100e4000 	C:\Windows\System32\DriverStore\FileRepository\iigd_dch.inf_amd64_e2d833b564372581\igd12umd64.dll
0x00007ffdc1c20000 - 0x00007ffdc2874000 	C:\Windows\System32\DriverStore\FileRepository\iigd_dch.inf_amd64_e2d833b564372581\igd12um64xel.dll
0x00007ffe17440000 - 0x00007ffe17852000 	C:\Windows\System32\DriverStore\FileRepository\iigd_dch.inf_amd64_e2d833b564372581\igdgmm64.dll
0x00007ffe18960000 - 0x00007ffe1899a000 	C:\Windows\SYSTEM32\ControlLib.dll
0x00007ffe35160000 - 0x00007ffe355d4000 	C:\Windows\System32\SETUPAPI.dll
0x00007ffe17c10000 - 0x00007ffe17c83000 	C:\Windows\System32\DriverStore\FileRepository\iigd_dch.inf_amd64_e2d833b564372581\IntelControlLib.dll
0x00007ffe12740000 - 0x00007ffe16c2a000 	C:\Windows\System32\DriverStore\FileRepository\iigd_dch.inf_amd64_e2d833b564372581\igc64.dll
0x00007ffe34d60000 - 0x00007ffe34eff000 	C:\Windows\System32\ole32.dll
0x00007ffe07f60000 - 0x00007ffe07f8f000 	C:\Windows\SYSTEM32\D3DSCache.dll

dbghelp: loaded successfully - version: 4.0.5 - missing functions: none
symbol engine: initialized successfully - sym options: 0x614 - pdb path: .;C:\Program Files\Java\jdk-17\bin;C:\Windows\SYSTEM32;C:\Windows\WinSxS\amd64_microsoft.windows.common-controls_6595b64144ccf1df_6.0.22621.3235_none_270f74e173860f98;C:\Program Files\Java\jdk-17\bin\server;C:\Users\aaron\.openjfx\cache\17.0.6;C:\Windows\System32\DriverStore\FileRepository\nv_dispi.inf_amd64_493585427225c794;C:\Windows\System32\DriverStore\FileRepository\iigd_dch.inf_amd64_e2d833b564372581;C:\Program Files\Common Files\Microsoft Shared\Ink;C:\Users\aaron\IdeaProjects\jreverse;C:\Windows\WinSxS\amd64_microsoft.windows.common-controls_6595b64144ccf1df_5.82.22621.2506_none_b43bab19638c9595;C:\Windows\WinSxS\amd64_microsoft.windows.gdiplus_6595b64144ccf1df_1.1.22621.3085_none_57ff6980ce140777

VM Arguments:
jvm_args: -Dfile.encoding=windows-1252 -Duser.country=US -Duser.language=en -Duser.variant --module-path=C:\Users\aaron\IdeaProjects\jreverse\build\libs\jreverse-1.0-SNAPSHOT.jar;C:\Users\aaron\IdeaProjects\jreverse\build\classes\java\main;C:\Users\aaron\.gradle\caches\modules-2\files-2.1\org.openjfx\javafx-fxml\17.0.6\5724aedc415683e62eeab3a3875550aa814c84fd\javafx-fxml-17.0.6-win.jar;C:\Users\aaron\.gradle\caches\modules-2\files-2.1\org.openjfx\javafx-controls\17.0.6\c95b460be3bc372060ff32d0c666c1233c3e8400\javafx-controls-17.0.6-win.jar;C:\Users\aaron\.gradle\caches\modules-2\files-2.1\org.openjfx\javafx-controls\17.0.6\8a9b91d717ec8bcdb179b91ae8a4f1137756fe3a\javafx-controls-17.0.6.jar;C:\Users\aaron\.gradle\caches\modules-2\files-2.1\org.openjfx\javafx-graphics\17.0.6\14326bf575b927d3c31a775f74bcf754ced35353\javafx-graphics-17.0.6-win.jar;C:\Users\aaron\.gradle\caches\modules-2\files-2.1\org.openjfx\javafx-graphics\17.0.6\a71a20fc765c578c17e6bd6525c029b03286ff5e\javafx-graphics-17.0.6.jar;C:\Users\aaron\.gradle\caches\modules-2\files-2.1\org.openjfx\javafx-base\17.0.6\78ccb38688b70acc6b59718daca8bdb91f99db57\javafx-base-17.0.6-win.jar;C:\Users\aaron\.gradle\caches\modules-2\files-2.1\org.openjfx\javafx-base\17.0.6\808b77ecf79be87b304a78fa9fffad805bfdb9f5\javafx-base-17.0.6.jar;C:\Users\aaron\.gradle\caches\modules-2\files-2.1\org.javassist\javassist\3.30.2-GA\284580b5e42dfa1b8267058566435d9e93fae7f7\javassist-3.30.2-GA.jar;C:\Users\aaron\.gradle\caches\modules-2\files-2.1\org.openjdk.nashorn\nashorn-core\15.0\2f7756004f2a77edbe4a0273731a27c30694b4cd\nashorn-core-15.0.jar;C:\Users\aaron\.gradle\caches\modules-2\files-2.1\org.ow2.asm\asm-commons\7.3.1\daaa79ef260eb67404b9a52bc319a024c7f49cfe\asm-commons-7.3.1.jar;C:\Users\aaron\.gradle\caches\modules-2\files-2.1\org.ow2.asm\asm-util\7.3.1\cac1bf54c2fb86671c357d281d1060fe5d50a0de\asm-util-7.3.1.jar;C:\Users\aaron\.gradle\caches\modules-2\files-2.1\org.ow2.asm\asm-analysis\7.3.1\45dfd299ea0c17d534499c4f06417ceccfa2d02\asm-analysis-7.3.1.jar;C:\Users\aaron\.gradle\caches\modules-2\files-2.1\org.ow2.asm\a-Djdk.module.main=com.jreverse.jreverse 
java_command: com.jreverse.jreverse/com.jreverse.jreverse.App
java_class_path (initial): C:\Users\aaron\IdeaProjects\jreverse\build\resources\main;C:\Users\aaron\.gradle\caches\modules-2\files-2.1\org.benf\cfr\0.152\48ef4892cfe8feffddbbd0ff077735140557db74\cfr-0.152.jar
Launcher Type: SUN_STANDARD

[Global flags]
     intx CICompilerCount                          = 12                                        {product} {ergonomic}
     uint ConcGCThreads                            = 5                                         {product} {ergonomic}
     uint G1ConcRefinementThreads                  = 18                                        {product} {ergonomic}
   size_t G1HeapRegionSize                         = 4194304                                   {product} {ergonomic}
    uintx GCDrainStackTargetSize                   = 64                                        {product} {ergonomic}
   size_t InitialHeapSize                          = 536870912                                 {product} {ergonomic}
   size_t MarkStackSize                            = 4194304                                   {product} {ergonomic}
   size_t MaxHeapSize                              = 8531214336                                {product} {ergonomic}
   size_t MaxNewSize                               = 5117050880                                {product} {ergonomic}
   size_t MinHeapDeltaBytes                        = 4194304                                   {product} {ergonomic}
   size_t MinHeapSize                              = 8388608                                   {product} {ergonomic}
    uintx NonNMethodCodeHeapSize                   = 7602480                                {pd product} {ergonomic}
    uintx NonProfiledCodeHeapSize                  = 122027880                              {pd product} {ergonomic}
    uintx ProfiledCodeHeapSize                     = 122027880                              {pd product} {ergonomic}
    uintx ReservedCodeCacheSize                    = 251658240                              {pd product} {ergonomic}
     bool SegmentedCodeCache                       = true                                      {product} {ergonomic}
   size_t SoftMaxHeapSize                          = 8531214336                             {manageable} {ergonomic}
     bool UseCompressedClassPointers               = true                           {product lp64_product} {ergonomic}
     bool UseCompressedOops                        = true                           {product lp64_product} {ergonomic}
     bool UseG1GC                                  = true                                      {product} {ergonomic}
     bool UseLargePagesIndividualAllocation        = false                                  {pd product} {ergonomic}

Logging:
Log output configuration:
 #0: stdout all=warning uptime,level,tags
 #1: stderr all=off uptime,level,tags

Environment Variables:
JAVA_HOME=C:\Program Files\Java\jdk-17
PATH=C:\Program Files\Common Files\Oracle\Java\javapath;C:\Program Files (x86)\Common Files\Oracle\Java\javapath;C:\Windows\system32;C:\Windows;C:\Windows\System32\Wbem;C:\Windows\System32\WindowsPowerShell\v1.0\;C:\Windows\System32\OpenSSH\;C:\Program Files\NVIDIA Corporation\NVIDIA NvDLISR;C:\Program Files (x86)\NVIDIA Corporation\PhysX\Common;C:\Program Files\Microsoft SQL Server\150\Tools\Binn\;C:\Program Files\Microsoft SQL Server\Client SDK\ODBC\170\Tools\Binn\;C:\Program Files\dotnet\;C:\Program Files\Git\cmd;C:\Program Files (x86)\Incredibuild;C:\Program Files\WireGuard\;C:\Program Files (x86)\Windows Kits\10\Windows Performance Toolkit\;C:\Users\aaron\AppData\Local\Programs\Python\Python312\Scripts\;C:\Users\aaron\AppData\Local\Programs\Python\Python312\;C:\Users\aaron\AppData\Local\Programs\Python\Launcher\;C:\Users\aaron\AppData\Local\Microsoft\WindowsApps;C:\Users\aaron\.dotnet\tools;C:\Users\aaron\AppData\Local\Programs\Microsoft VS Code\bin;C:\Program Files\JetBrains\IntelliJ IDEA Community Edition 2023.3.5\bin;;C:\Program Files\Java\jdk-17\bin;
USERNAME=aaron
OS=Windows_NT
PROCESSOR_IDENTIFIER=Intel64 Family 6 Model 151 Stepping 2, GenuineIntel



---------------  S Y S T E M  ---------------

OS:
 Windows 11 , 64 bit Build 22621 (10.0.22621.3235)
OS uptime: 3 days 19:52 hours

CPU: total 24 (initial active 24) (12 cores per cpu, 2 threads per core) family 6 model 151 stepping 2 microcode 0x2c, cx8, cmov, fxsr, ht, mmx, 3dnowpref, sse, sse2, sse3, ssse3, sse4.1, sse4.2, popcnt, lzcnt, tsc, tscinvbit, avx, avx2, aes, erms, clmul, bmi1, bmi2, adx, sha, fma, vzeroupper, clflush, clflushopt, clwb

Memory: 4k page, system-wide physical 32541M (15485M free)
TotalPageFile size 34589M (AvailPageFile size 12228M)
current process WorkingSet (physical memory assigned to process): 341M, peak: 427M
current process commit charge ("private bytes"): 457M, peak: 856M

vm_info: Java HotSpot(TM) 64-Bit Server VM (17.0.9+11-LTS-201) for windows-amd64 JRE (17.0.9+11-LTS-201), built on Oct 10 2023 23:16:06 by "mach5one" with MS VC++ 17.1 (VS2022)

END.
