#
# A fatal error has been detected by the Java Runtime Environment:
#
#  Internal Error (os_windows_x86.cpp:143), pid=20072, tid=29680
#  guarantee(result == EXCEPTION_CONTINUE_EXECUTION) failed: Unexpected result from topLevelExceptionFilter
#
# JRE version: Java(TM) SE Runtime Environment (17.0.9+11) (build 17.0.9+11-LTS-201)
# Java VM: Java HotSpot(TM) 64-Bit Server VM (17.0.9+11-LTS-201, mixed mode, sharing, tiered, compressed oops, compressed class ptrs, g1 gc, windows-amd64)
# No core dump will be written. Minidumps are not enabled by default on client versions of Windows
#
# If you would like to submit a bug report, please visit:
#   https://bugreport.java.com/bugreport/crash.jsp
# The crash happened outside the Java Virtual Machine in native code.
# See problematic frame for where to report the bug.
#

---------------  S U M M A R Y ------------

Command Line: -Dfile.encoding=windows-1252 -Duser.country=US -Duser.language=en -Duser.variant --module-path=C:\Users\aaron\IdeaProjects\jreverse\build\libs\jreverse-1.0-SNAPSHOT.jar;C:\Users\aaron\IdeaProjects\jreverse\build\classes\java\main;C:\Users\aaron\.gradle\caches\modules-2\files-2.1\org.openjfx\javafx-fxml\17.0.6\5724aedc415683e62eeab3a3875550aa814c84fd\javafx-fxml-17.0.6-win.jar;C:\Users\aaron\.gradle\caches\modules-2\files-2.1\io.github.mkpaz\atlantafx-base\2.0.1\51d2bfa35150921fe5b8b5e3c1a1bf78a6d57684\atlantafx-base-2.0.1.jar;C:\Users\aaron\.gradle\caches\modules-2\files-2.1\org.openjfx\javafx-controls\20\f9a84d43adab2745f4999e7ff9a64f12dd563f1f\javafx-controls-20-win.jar;C:\Users\aaron\.gradle\caches\modules-2\files-2.1\org.openjfx\javafx-controls\20\9d8d07b9b3463121fd600861473a8ad2ddf727dc\javafx-controls-20.jar;C:\Users\aaron\.gradle\caches\modules-2\files-2.1\org.openjfx\javafx-graphics\20\57d79e5dbc28f3873f1911bff0f704a77596165f\javafx-graphics-20-win.jar;C:\Users\aaron\.gradle\caches\modules-2\files-2.1\org.openjfx\javafx-graphics\20\7ec67be002e516ab69d1a14f3edbde01fc921664\javafx-graphics-20.jar;C:\Users\aaron\.gradle\caches\modules-2\files-2.1\org.openjfx\javafx-base\20\b75c1d2a661fc392bc601fcbb1d1931f8d4c637e\javafx-base-20-win.jar;C:\Users\aaron\.gradle\caches\modules-2\files-2.1\org.openjfx\javafx-base\20\82863562a321abc761f301477ef90ba6c20f022a\javafx-base-20.jar;C:\Users\aaron\.gradle\caches\modules-2\files-2.1\org.javassist\javassist\3.30.2-GA\284580b5e42dfa1b8267058566435d9e93fae7f7\javassist-3.30.2-GA.jar;C:\Users\aaron\.gradle\caches\modules-2\files-2.1\org.openjdk.nashorn\nashorn-core\15.0\2f7756004f2a77edbe4a0273731a27c30694b4cd\nashorn-core-15.0.jar;C:\Users\aaron\.gradle\caches\modules-2\files-2.1\javax.xml.bind\jaxb-api\2.3.1\8531ad5ac454cc2deb9d4d32c40c4d7451939b5d\jaxb-api-2.3.1.jar;C:\Users\aaron\.m2\repository\com\tbdis\sstf\1.0-SNAPSHOT\sstf-1.0-SNAPSHOT.jar;C:\Users\aaron\.gradle\caches\modules-2\files-2.1\org.ow2.asm\asm-commons\7.3.1\daaa79ef260eb67404b9a52bc319a024c7f49cfe\asm-commons-7.3.1.jar;C:\Users\aaron\.gra-Djdk.module.main=com.jreverse.jreverse com.jreverse.jreverse/com.jreverse.jreverse.App

Host: 12th Gen Intel(R) Core(TM) i9-12900K, 24 cores, 31G,  Windows 11 , 64 bit Build 22621 (10.0.22621.3374)
Time: Tue May 21 22:35:44 2024 Central Daylight Time elapsed time: 49.261827 seconds (0d 0h 0m 49s)

---------------  T H R E A D  ---------------

Current thread (0x000001cd94cc2480):  JavaThread "JavaFX Application Thread" [_thread_in_native, id=29680, stack(0x0000004237400000,0x0000004237500000)]

Stack: [0x0000004237400000,0x0000004237500000]
Native frames: (J=compiled Java code, j=interpreted, Vv=VM code, C=native code)
V  [jvm.dll+0x678a4a]
V  [jvm.dll+0x7d9cfd]
V  [jvm.dll+0x7db60e]
V  [jvm.dll+0x7dbc27]
V  [jvm.dll+0x245d7a]
V  [jvm.dll+0x6785bc]
C  [ntdll.dll+0xa440f]
C  [ntdll.dll+0x1e466]
C  [ntdll.dll+0xa33fe]
C  0x00007fffc1dacb8c

Java frames: (J=compiled Java code, j=interpreted, Vv=VM code)
j  com.jreverse.jreverse.PipeManager.PipeManager.GetLoadedPipes()[Ljava/lang/String;+0 com.jreverse.jreverse@1.0-SNAPSHOT
j  com.jreverse.jreverse.PipeManagerController.refreshPipes()V+4 com.jreverse.jreverse@1.0-SNAPSHOT
v  ~StubRoutines::call_stub
J 3205  jdk.internal.reflect.NativeMethodAccessorImpl.invoke0(Ljava/lang/reflect/Method;Ljava/lang/Object;[Ljava/lang/Object;)Ljava/lang/Object; java.base@17.0.9 (0 bytes) @ 0x000001cd305b27a7 [0x000001cd305b2720+0x0000000000000087]
J 3204 c1 jdk.internal.reflect.NativeMethodAccessorImpl.invoke(Ljava/lang/Object;[Ljava/lang/Object;)Ljava/lang/Object; java.base@17.0.9 (137 bytes) @ 0x000001cd28ee5aec [0x000001cd28ee50e0+0x0000000000000a0c]
J 1474 c1 jdk.internal.reflect.DelegatingMethodAccessorImpl.invoke(Ljava/lang/Object;[Ljava/lang/Object;)Ljava/lang/Object; java.base@17.0.9 (10 bytes) @ 0x000001cd28b3a5cc [0x000001cd28b3a4c0+0x000000000000010c]
J 4210 c1 jdk.internal.reflect.GeneratedMethodAccessor2.invoke(Ljava/lang/Object;[Ljava/lang/Object;)Ljava/lang/Object; (65 bytes) @ 0x000001cd29192f74 [0x000001cd29192900+0x0000000000000674]
J 1474 c1 jdk.internal.reflect.DelegatingMethodAccessorImpl.invoke(Ljava/lang/Object;[Ljava/lang/Object;)Ljava/lang/Object; java.base@17.0.9 (10 bytes) @ 0x000001cd28b3a5cc [0x000001cd28b3a4c0+0x000000000000010c]
J 4203 c1 com.sun.javafx.reflect.MethodUtil.invoke(Ljava/lang/reflect/Method;Ljava/lang/Object;[Ljava/lang/Object;)Ljava/lang/Object; javafx.base@20 (111 bytes) @ 0x000001cd291912bc [0x000001cd29190b60+0x000000000000075c]
J 4202 c1 com.sun.javafx.fxml.MethodHelper.invoke(Ljava/lang/reflect/Method;Ljava/lang/Object;[Ljava/lang/Object;)Ljava/lang/Object; javafx.fxml (146 bytes) @ 0x000001cd2918d62c [0x000001cd2918cda0+0x000000000000088c]
j  javafx.fxml.FXMLLoader$MethodHandler.invoke([Ljava/lang/Object;)V+38 javafx.fxml
j  javafx.fxml.FXMLLoader$ControllerMethodEventHandler.handle(Ljavafx/event/Event;)V+12 javafx.fxml
J 4185 c2 com.sun.javafx.event.EventHandlerManager.dispatchBubblingEvent(Ljavafx/event/EventType;Ljavafx/event/Event;)Ljavafx/event/Event; javafx.base@20 (41 bytes) @ 0x000001cd3065de88 [0x000001cd3065dc00+0x0000000000000288]
J 2959 c1 com.sun.javafx.event.EventHandlerManager.dispatchBubblingEvent(Ljavafx/event/Event;)Ljavafx/event/Event; javafx.base@20 (23 bytes) @ 0x000001cd28e4ee94 [0x000001cd28e4ed40+0x0000000000000154]
J 2958 c1 com.sun.javafx.event.CompositeEventDispatcher.dispatchBubblingEvent(Ljavafx/event/Event;)Ljavafx/event/Event; javafx.base@20 (35 bytes) @ 0x000001cd28e4f524 [0x000001cd28e4f360+0x00000000000001c4]
J 2377 c1 com.sun.javafx.event.BasicEventDispatcher.dispatchEvent(Ljavafx/event/Event;Ljavafx/event/EventDispatchChain;)Ljavafx/event/Event; javafx.base@20 (44 bytes) @ 0x000001cd28d1474c [0x000001cd28d14400+0x000000000000034c]
J 2295 c1 com.sun.javafx.event.EventDispatchChainImpl.dispatchEvent(Ljavafx/event/Event;)Ljavafx/event/Event; javafx.base@20 (101 bytes) @ 0x000001cd28cefd84 [0x000001cd28cefbc0+0x00000000000001c4]
J 2377 c1 com.sun.javafx.event.BasicEventDispatcher.dispatchEvent(Ljavafx/event/Event;Ljavafx/event/EventDispatchChain;)Ljavafx/event/Event; javafx.base@20 (44 bytes) @ 0x000001cd28d1465c [0x000001cd28d14400+0x000000000000025c]
J 2295 c1 com.sun.javafx.event.EventDispatchChainImpl.dispatchEvent(Ljavafx/event/Event;)Ljavafx/event/Event; javafx.base@20 (101 bytes) @ 0x000001cd28cefd84 [0x000001cd28cefbc0+0x00000000000001c4]
J 2377 c1 com.sun.javafx.event.BasicEventDispatcher.dispatchEvent(Ljavafx/event/Event;Ljavafx/event/EventDispatchChain;)Ljavafx/event/Event; javafx.base@20 (44 bytes) @ 0x000001cd28d1465c [0x000001cd28d14400+0x000000000000025c]
J 2295 c1 com.sun.javafx.event.EventDispatchChainImpl.dispatchEvent(Ljavafx/event/Event;)Ljavafx/event/Event; javafx.base@20 (101 bytes) @ 0x000001cd28cefd84 [0x000001cd28cefbc0+0x00000000000001c4]
J 3871 c1 com.sun.javafx.event.EventUtil.fireEvent(Ljavafx/event/EventTarget;Ljavafx/event/Event;)Ljavafx/event/Event; javafx.base@20 (81 bytes) @ 0x000001cd29099844 [0x000001cd29098ec0+0x0000000000000984]
J 4138 c1 javafx.scene.Scene$ClickGenerator.postProcess(Ljavafx/scene/input/MouseEvent;Ljavafx/scene/Scene$TargetWrapper;Ljavafx/scene/Scene$TargetWrapper;)V javafx.graphics@20 (266 bytes) @ 0x000001cd2915cadc [0x000001cd2915b980+0x000000000000115c]
J 4018 c1 javafx.scene.Scene$MouseHandler.process(Ljavafx/scene/input/MouseEvent;Z)V javafx.graphics@20 (793 bytes) @ 0x000001cd2910ce1c [0x000001cd2910ac80+0x000000000000219c]
J 4167 c1 javafx.scene.Scene$ScenePeerListener.mouseEvent(Ljavafx/event/EventType;DDDDLjavafx/scene/input/MouseButton;ZZZZZZZZZZZ)V javafx.graphics@20 (54 bytes) @ 0x000001cd2916d65c [0x000001cd2916d3c0+0x000000000000029c]
J 4164 c1 com.sun.javafx.tk.quantum.GlassViewEventHandler$MouseEventNotification.run()Ljava/lang/Void; javafx.graphics@20 (703 bytes) @ 0x000001cd2916f06c [0x000001cd2916e060+0x000000000000100c]
J 4030 c1 com.sun.javafx.tk.quantum.GlassViewEventHandler$$Lambda$650+0x000001cd5028a680.get()Ljava/lang/Object; javafx.graphics@20 (8 bytes) @ 0x000001cd2911528c [0x000001cd29114fc0+0x00000000000002cc]
J 3878 c1 com.sun.javafx.tk.quantum.QuantumToolkit.runWithoutRenderLock(Ljava/util/function/Supplier;)Ljava/lang/Object; javafx.graphics@20 (49 bytes) @ 0x000001cd2909db64 [0x000001cd2909d660+0x0000000000000504]
J 4028 c1 com.sun.javafx.tk.quantum.GlassViewEventHandler.handleMouseEvent(Lcom/sun/glass/ui/View;JIIIIIIIZZ)V javafx.graphics@20 (108 bytes) @ 0x000001cd29114484 [0x000001cd29114020+0x0000000000000464]
J 4027 c1 com.sun.glass.ui.View.handleMouseEvent(JIIIIIIIZZ)V javafx.graphics@20 (34 bytes) @ 0x000001cd29113c14 [0x000001cd29113a40+0x00000000000001d4]
J 4026 c1 com.sun.glass.ui.View.notifyMouse(IIIIIIIZZ)V javafx.graphics@20 (221 bytes) @ 0x000001cd29112c1c [0x000001cd29111e00+0x0000000000000e1c]
v  ~StubRoutines::call_stub
j  com.sun.glass.ui.win.WinApplication._runLoop(Ljava/lang/Runnable;)V+0 javafx.graphics@20
j  com.sun.glass.ui.win.WinApplication.lambda$runLoop$3(ILjava/lang/Runnable;)V+8 javafx.graphics@20
j  com.sun.glass.ui.win.WinApplication$$Lambda$102+0x000001cd50034000.run()V+12 javafx.graphics@20
j  java.lang.Thread.run()V+11 java.base@17.0.9
v  ~StubRoutines::call_stub

---------------  P R O C E S S  ---------------

Threads class SMR info:
_java_thread_list=0x000001cda16faf10, length=19, elements={
0x000001cd21029f20, 0x000001cd4eb8e1e0, 0x000001cd4eb8ef70, 0x000001cd4eba7ac0,
0x000001cd4eba8590, 0x000001cd4ebaaf70, 0x000001cd4ebab840, 0x000001cd4ebaf9f0,
0x000001cd4ebb23c0, 0x000001cd4ebb2cd0, 0x000001cd4eb80d00, 0x000001cd94623430,
0x000001cd9499eba0, 0x000001cd94f63310, 0x000001cd94cc2480, 0x000001cd953b4550,
0x000001cd953b4a60, 0x000001cd953b72e0, 0x000001cd953b3b30
}

Java Threads: ( => current thread )
  0x000001cd21029f20 JavaThread "main" [_thread_blocked, id=11320, stack(0x0000004235c00000,0x0000004235d00000)]
  0x000001cd4eb8e1e0 JavaThread "Reference Handler" daemon [_thread_blocked, id=25872, stack(0x0000004236300000,0x0000004236400000)]
  0x000001cd4eb8ef70 JavaThread "Finalizer" daemon [_thread_blocked, id=17488, stack(0x0000004236400000,0x0000004236500000)]
  0x000001cd4eba7ac0 JavaThread "Signal Dispatcher" daemon [_thread_blocked, id=7192, stack(0x0000004236500000,0x0000004236600000)]
  0x000001cd4eba8590 JavaThread "Attach Listener" daemon [_thread_blocked, id=13616, stack(0x0000004236600000,0x0000004236700000)]
  0x000001cd4ebaaf70 JavaThread "Service Thread" daemon [_thread_blocked, id=20296, stack(0x0000004236700000,0x0000004236800000)]
  0x000001cd4ebab840 JavaThread "Monitor Deflation Thread" daemon [_thread_blocked, id=11780, stack(0x0000004236800000,0x0000004236900000)]
  0x000001cd4ebaf9f0 JavaThread "C2 CompilerThread0" daemon [_thread_blocked, id=25980, stack(0x0000004236900000,0x0000004236a00000)]
  0x000001cd4ebb23c0 JavaThread "C1 CompilerThread0" daemon [_thread_blocked, id=14632, stack(0x0000004236a00000,0x0000004236b00000)]
  0x000001cd4ebb2cd0 JavaThread "Sweeper thread" daemon [_thread_blocked, id=13808, stack(0x0000004236b00000,0x0000004236c00000)]
  0x000001cd4eb80d00 JavaThread "Common-Cleaner" daemon [_thread_blocked, id=24740, stack(0x0000004236d00000,0x0000004236e00000)]
  0x000001cd94623430 JavaThread "Notification Thread" daemon [_thread_blocked, id=24596, stack(0x0000004237500000,0x0000004237600000)]
  0x000001cd9499eba0 JavaThread "QuantumRenderer-0" daemon [_thread_blocked, id=31508, stack(0x0000004237700000,0x0000004237800000)]
  0x000001cd94f63310 JavaThread "InvokeLaterDispatcher" daemon [_thread_in_Java, id=34608, stack(0x0000004237300000,0x0000004237400000)]
=>0x000001cd94cc2480 JavaThread "JavaFX Application Thread" [_thread_in_native, id=29680, stack(0x0000004237400000,0x0000004237500000)]
  0x000001cd953b4550 JavaThread "JavaFX-Launcher" [_thread_blocked, id=13880, stack(0x0000004237e60000,0x0000004237f60000)]
  0x000001cd953b4a60 JavaThread "Thread-2" daemon [_thread_in_native, id=20660, stack(0x0000004237200000,0x0000004237300000)]
  0x000001cd953b72e0 JavaThread "Prism Font Disposer" daemon [_thread_blocked, id=5672, stack(0x0000004238d60000,0x0000004238e60000)]
  0x000001cd953b3b30 JavaThread "Cleaner-0" daemon [_thread_blocked, id=28436, stack(0x0000004238f60000,0x0000004239060000)]

Other Threads:
  0x000001cd4eb8a6d0 VMThread "VM Thread" [stack: 0x0000004236200000,0x0000004236300000] [id=29868]
  0x000001cd4d72c4a0 WatcherThread [stack: 0x0000004237600000,0x0000004237700000] [id=27776]
  0x000001cd210d9c30 GCTaskThread "GC Thread#0" [stack: 0x0000004235d00000,0x0000004235e00000] [id=11132]
  0x000001cd4ed15120 GCTaskThread "GC Thread#1" [stack: 0x0000004237f60000,0x0000004238060000] [id=16744]
  0x000001cd4ed140a0 GCTaskThread "GC Thread#2" [stack: 0x0000004238060000,0x0000004238160000] [id=34476]
  0x000001cd4ed153e0 GCTaskThread "GC Thread#3" [stack: 0x0000004238160000,0x0000004238260000] [id=31740]
  0x000001cd4ed13860 GCTaskThread "GC Thread#4" [stack: 0x0000004238260000,0x0000004238360000] [id=31796]
  0x000001cd955fc5c0 GCTaskThread "GC Thread#5" [stack: 0x0000004238360000,0x0000004238460000] [id=5592]
  0x000001cd955fdbc0 GCTaskThread "GC Thread#6" [stack: 0x0000004238460000,0x0000004238560000] [id=21436]
  0x000001cd955fafc0 GCTaskThread "GC Thread#7" [stack: 0x0000004238560000,0x0000004238660000] [id=29200]
  0x000001cd955fcb40 GCTaskThread "GC Thread#8" [stack: 0x0000004238660000,0x0000004238760000] [id=29384]
  0x000001cd955fc880 GCTaskThread "GC Thread#9" [stack: 0x0000004238760000,0x0000004238860000] [id=15916]
  0x000001cd955fde80 GCTaskThread "GC Thread#10" [stack: 0x0000004238860000,0x0000004238960000] [id=8920]
  0x000001cd955fb280 GCTaskThread "GC Thread#11" [stack: 0x0000004238960000,0x0000004238a60000] [id=5312]
  0x000001cd955fe400 GCTaskThread "GC Thread#12" [stack: 0x0000004238e60000,0x0000004238f60000] [id=27016]
  0x000001cd21046300 ConcurrentGCThread "G1 Main Marker" [stack: 0x0000004235e00000,0x0000004235f00000] [id=2656]
  0x000001cd210eb760 ConcurrentGCThread "G1 Conc#0" [stack: 0x0000004235f00000,0x0000004236000000] [id=23312]
  0x000001cd4d81fe60 ConcurrentGCThread "G1 Refine#0" [stack: 0x0000004236000000,0x0000004236100000] [id=24136]
  0x000001cd4d8207a0 ConcurrentGCThread "G1 Service" [stack: 0x0000004236100000,0x0000004236200000] [id=12884]

Threads with active compile tasks:

VM state: not at safepoint (normal execution)

VM Mutex/Monitor currently owned by a thread: None

Heap address: 0x0000000603800000, size: 8136 MB, Compressed Oops mode: Zero based, Oop shift amount: 3

CDS archive(s) mapped at: [0x000001cd4f000000-0x000001cd4fbd0000-0x000001cd4fbd0000), size 12386304, SharedBaseAddress: 0x000001cd4f000000, ArchiveRelocationMode: 1.
Compressed class space mapped at: 0x000001cd50000000-0x000001cd90000000, reserved size: 1073741824
Narrow klass base: 0x000001cd4f000000, Narrow klass shift: 0, Narrow klass range: 0x100000000

GC Precious Log:
 CPUs: 24 total, 24 available
 Memory: 32541M
 Large Page Support: Disabled
 NUMA Support: Disabled
 Compressed Oops: Enabled (Zero based)
 Heap Region Size: 4M
 Heap Min Capacity: 8M
 Heap Initial Capacity: 512M
 Heap Max Capacity: 8136M
 Pre-touch: Disabled
 Parallel Workers: 18
 Concurrent Workers: 5
 Concurrent Refinement Workers: 18
 Periodic GC: Disabled

Heap:
 garbage-first heap   total 524288K, used 45832K [0x0000000603800000, 0x0000000800000000)
  region size 4096K, 12 young (49152K), 2 survivors (8192K)
 Metaspace       used 21158K, committed 21504K, reserved 1114112K
  class space    used 3167K, committed 3328K, reserved 1048576K

Heap Regions: E=young(eden), S=young(survivor), O=old, HS=humongous(starts), HC=humongous(continues), CS=collection set, F=free, OA=open archive, CA=closed archive, TAMS=top-at-mark-start (previous, next)
|   0|0x0000000603800000, 0x0000000603c00000, 0x0000000603c00000|100%|HS|  |TAMS 0x0000000603800000, 0x0000000603800000| Complete 
|   1|0x0000000603c00000, 0x0000000603cc2200, 0x0000000604000000| 18%| O|  |TAMS 0x0000000603c00000, 0x0000000603c00000| Untracked 
|   2|0x0000000604000000, 0x0000000604000000, 0x0000000604400000|  0%| F|  |TAMS 0x0000000604000000, 0x0000000604000000| Untracked 
|   3|0x0000000604400000, 0x0000000604400000, 0x0000000604800000|  0%| F|  |TAMS 0x0000000604400000, 0x0000000604400000| Untracked 
|   4|0x0000000604800000, 0x0000000604800000, 0x0000000604c00000|  0%| F|  |TAMS 0x0000000604800000, 0x0000000604800000| Untracked 
|   5|0x0000000604c00000, 0x0000000604c00000, 0x0000000605000000|  0%| F|  |TAMS 0x0000000604c00000, 0x0000000604c00000| Untracked 
|   6|0x0000000605000000, 0x0000000605000000, 0x0000000605400000|  0%| F|  |TAMS 0x0000000605000000, 0x0000000605000000| Untracked 
|   7|0x0000000605400000, 0x0000000605400000, 0x0000000605800000|  0%| F|  |TAMS 0x0000000605400000, 0x0000000605400000| Untracked 
|   8|0x0000000605800000, 0x0000000605800000, 0x0000000605c00000|  0%| F|  |TAMS 0x0000000605800000, 0x0000000605800000| Untracked 
|   9|0x0000000605c00000, 0x0000000605c00000, 0x0000000606000000|  0%| F|  |TAMS 0x0000000605c00000, 0x0000000605c00000| Untracked 
|  10|0x0000000606000000, 0x0000000606000000, 0x0000000606400000|  0%| F|  |TAMS 0x0000000606000000, 0x0000000606000000| Untracked 
|  11|0x0000000606400000, 0x0000000606400000, 0x0000000606800000|  0%| F|  |TAMS 0x0000000606400000, 0x0000000606400000| Untracked 
|  12|0x0000000606800000, 0x0000000606800000, 0x0000000606c00000|  0%| F|  |TAMS 0x0000000606800000, 0x0000000606800000| Untracked 
|  13|0x0000000606c00000, 0x0000000606c00000, 0x0000000607000000|  0%| F|  |TAMS 0x0000000606c00000, 0x0000000606c00000| Untracked 
|  14|0x0000000607000000, 0x0000000607000000, 0x0000000607400000|  0%| F|  |TAMS 0x0000000607000000, 0x0000000607000000| Untracked 
|  15|0x0000000607400000, 0x0000000607400000, 0x0000000607800000|  0%| F|  |TAMS 0x0000000607400000, 0x0000000607400000| Untracked 
|  16|0x0000000607800000, 0x0000000607800000, 0x0000000607c00000|  0%| F|  |TAMS 0x0000000607800000, 0x0000000607800000| Untracked 
|  17|0x0000000607c00000, 0x0000000607c00000, 0x0000000608000000|  0%| F|  |TAMS 0x0000000607c00000, 0x0000000607c00000| Untracked 
|  18|0x0000000608000000, 0x0000000608000000, 0x0000000608400000|  0%| F|  |TAMS 0x0000000608000000, 0x0000000608000000| Untracked 
|  19|0x0000000608400000, 0x0000000608400000, 0x0000000608800000|  0%| F|  |TAMS 0x0000000608400000, 0x0000000608400000| Untracked 
|  20|0x0000000608800000, 0x0000000608800000, 0x0000000608c00000|  0%| F|  |TAMS 0x0000000608800000, 0x0000000608800000| Untracked 
|  21|0x0000000608c00000, 0x0000000608c00000, 0x0000000609000000|  0%| F|  |TAMS 0x0000000608c00000, 0x0000000608c00000| Untracked 
|  22|0x0000000609000000, 0x0000000609000000, 0x0000000609400000|  0%| F|  |TAMS 0x0000000609000000, 0x0000000609000000| Untracked 
|  23|0x0000000609400000, 0x0000000609400000, 0x0000000609800000|  0%| F|  |TAMS 0x0000000609400000, 0x0000000609400000| Untracked 
|  24|0x0000000609800000, 0x0000000609800000, 0x0000000609c00000|  0%| F|  |TAMS 0x0000000609800000, 0x0000000609800000| Untracked 
|  25|0x0000000609c00000, 0x0000000609c00000, 0x000000060a000000|  0%| F|  |TAMS 0x0000000609c00000, 0x0000000609c00000| Untracked 
|  26|0x000000060a000000, 0x000000060a000000, 0x000000060a400000|  0%| F|  |TAMS 0x000000060a000000, 0x000000060a000000| Untracked 
|  27|0x000000060a400000, 0x000000060a400000, 0x000000060a800000|  0%| F|  |TAMS 0x000000060a400000, 0x000000060a400000| Untracked 
|  28|0x000000060a800000, 0x000000060a800000, 0x000000060ac00000|  0%| F|  |TAMS 0x000000060a800000, 0x000000060a800000| Untracked 
|  29|0x000000060ac00000, 0x000000060ac00000, 0x000000060b000000|  0%| F|  |TAMS 0x000000060ac00000, 0x000000060ac00000| Untracked 
|  30|0x000000060b000000, 0x000000060b000000, 0x000000060b400000|  0%| F|  |TAMS 0x000000060b000000, 0x000000060b000000| Untracked 
|  31|0x000000060b400000, 0x000000060b400000, 0x000000060b800000|  0%| F|  |TAMS 0x000000060b400000, 0x000000060b400000| Untracked 
|  32|0x000000060b800000, 0x000000060b800000, 0x000000060bc00000|  0%| F|  |TAMS 0x000000060b800000, 0x000000060b800000| Untracked 
|  33|0x000000060bc00000, 0x000000060bc00000, 0x000000060c000000|  0%| F|  |TAMS 0x000000060bc00000, 0x000000060bc00000| Untracked 
|  34|0x000000060c000000, 0x000000060c000000, 0x000000060c400000|  0%| F|  |TAMS 0x000000060c000000, 0x000000060c000000| Untracked 
|  35|0x000000060c400000, 0x000000060c400000, 0x000000060c800000|  0%| F|  |TAMS 0x000000060c400000, 0x000000060c400000| Untracked 
|  36|0x000000060c800000, 0x000000060c800000, 0x000000060cc00000|  0%| F|  |TAMS 0x000000060c800000, 0x000000060c800000| Untracked 
|  37|0x000000060cc00000, 0x000000060cc00000, 0x000000060d000000|  0%| F|  |TAMS 0x000000060cc00000, 0x000000060cc00000| Untracked 
|  38|0x000000060d000000, 0x000000060d000000, 0x000000060d400000|  0%| F|  |TAMS 0x000000060d000000, 0x000000060d000000| Untracked 
|  39|0x000000060d400000, 0x000000060d400000, 0x000000060d800000|  0%| F|  |TAMS 0x000000060d400000, 0x000000060d400000| Untracked 
|  40|0x000000060d800000, 0x000000060d800000, 0x000000060dc00000|  0%| F|  |TAMS 0x000000060d800000, 0x000000060d800000| Untracked 
|  41|0x000000060dc00000, 0x000000060dc00000, 0x000000060e000000|  0%| F|  |TAMS 0x000000060dc00000, 0x000000060dc00000| Untracked 
|  42|0x000000060e000000, 0x000000060e000000, 0x000000060e400000|  0%| F|  |TAMS 0x000000060e000000, 0x000000060e000000| Untracked 
|  43|0x000000060e400000, 0x000000060e400000, 0x000000060e800000|  0%| F|  |TAMS 0x000000060e400000, 0x000000060e400000| Untracked 
|  44|0x000000060e800000, 0x000000060e800000, 0x000000060ec00000|  0%| F|  |TAMS 0x000000060e800000, 0x000000060e800000| Untracked 
|  45|0x000000060ec00000, 0x000000060ec00000, 0x000000060f000000|  0%| F|  |TAMS 0x000000060ec00000, 0x000000060ec00000| Untracked 
|  46|0x000000060f000000, 0x000000060f000000, 0x000000060f400000|  0%| F|  |TAMS 0x000000060f000000, 0x000000060f000000| Untracked 
|  47|0x000000060f400000, 0x000000060f400000, 0x000000060f800000|  0%| F|  |TAMS 0x000000060f400000, 0x000000060f400000| Untracked 
|  48|0x000000060f800000, 0x000000060f800000, 0x000000060fc00000|  0%| F|  |TAMS 0x000000060f800000, 0x000000060f800000| Untracked 
|  49|0x000000060fc00000, 0x000000060fc00000, 0x0000000610000000|  0%| F|  |TAMS 0x000000060fc00000, 0x000000060fc00000| Untracked 
|  50|0x0000000610000000, 0x0000000610000000, 0x0000000610400000|  0%| F|  |TAMS 0x0000000610000000, 0x0000000610000000| Untracked 
|  51|0x0000000610400000, 0x0000000610400000, 0x0000000610800000|  0%| F|  |TAMS 0x0000000610400000, 0x0000000610400000| Untracked 
|  52|0x0000000610800000, 0x0000000610800000, 0x0000000610c00000|  0%| F|  |TAMS 0x0000000610800000, 0x0000000610800000| Untracked 
|  53|0x0000000610c00000, 0x0000000610c00000, 0x0000000611000000|  0%| F|  |TAMS 0x0000000610c00000, 0x0000000610c00000| Untracked 
|  54|0x0000000611000000, 0x0000000611000000, 0x0000000611400000|  0%| F|  |TAMS 0x0000000611000000, 0x0000000611000000| Untracked 
|  55|0x0000000611400000, 0x0000000611400000, 0x0000000611800000|  0%| F|  |TAMS 0x0000000611400000, 0x0000000611400000| Untracked 
|  56|0x0000000611800000, 0x0000000611800000, 0x0000000611c00000|  0%| F|  |TAMS 0x0000000611800000, 0x0000000611800000| Untracked 
|  57|0x0000000611c00000, 0x0000000611c00000, 0x0000000612000000|  0%| F|  |TAMS 0x0000000611c00000, 0x0000000611c00000| Untracked 
|  58|0x0000000612000000, 0x0000000612000000, 0x0000000612400000|  0%| F|  |TAMS 0x0000000612000000, 0x0000000612000000| Untracked 
|  59|0x0000000612400000, 0x0000000612400000, 0x0000000612800000|  0%| F|  |TAMS 0x0000000612400000, 0x0000000612400000| Untracked 
|  60|0x0000000612800000, 0x0000000612800000, 0x0000000612c00000|  0%| F|  |TAMS 0x0000000612800000, 0x0000000612800000| Untracked 
|  61|0x0000000612c00000, 0x0000000612c00000, 0x0000000613000000|  0%| F|  |TAMS 0x0000000612c00000, 0x0000000612c00000| Untracked 
|  62|0x0000000613000000, 0x0000000613000000, 0x0000000613400000|  0%| F|  |TAMS 0x0000000613000000, 0x0000000613000000| Untracked 
|  63|0x0000000613400000, 0x0000000613400000, 0x0000000613800000|  0%| F|  |TAMS 0x0000000613400000, 0x0000000613400000| Untracked 
|  64|0x0000000613800000, 0x0000000613800000, 0x0000000613c00000|  0%| F|  |TAMS 0x0000000613800000, 0x0000000613800000| Untracked 
|  65|0x0000000613c00000, 0x0000000613c00000, 0x0000000614000000|  0%| F|  |TAMS 0x0000000613c00000, 0x0000000613c00000| Untracked 
|  66|0x0000000614000000, 0x0000000614000000, 0x0000000614400000|  0%| F|  |TAMS 0x0000000614000000, 0x0000000614000000| Untracked 
|  67|0x0000000614400000, 0x0000000614400000, 0x0000000614800000|  0%| F|  |TAMS 0x0000000614400000, 0x0000000614400000| Untracked 
|  68|0x0000000614800000, 0x0000000614800000, 0x0000000614c00000|  0%| F|  |TAMS 0x0000000614800000, 0x0000000614800000| Untracked 
|  69|0x0000000614c00000, 0x0000000614c00000, 0x0000000615000000|  0%| F|  |TAMS 0x0000000614c00000, 0x0000000614c00000| Untracked 
|  70|0x0000000615000000, 0x0000000615000000, 0x0000000615400000|  0%| F|  |TAMS 0x0000000615000000, 0x0000000615000000| Untracked 
|  71|0x0000000615400000, 0x0000000615400000, 0x0000000615800000|  0%| F|  |TAMS 0x0000000615400000, 0x0000000615400000| Untracked 
|  72|0x0000000615800000, 0x0000000615800000, 0x0000000615c00000|  0%| F|  |TAMS 0x0000000615800000, 0x0000000615800000| Untracked 
|  73|0x0000000615c00000, 0x0000000615c00000, 0x0000000616000000|  0%| F|  |TAMS 0x0000000615c00000, 0x0000000615c00000| Untracked 
|  74|0x0000000616000000, 0x0000000616000000, 0x0000000616400000|  0%| F|  |TAMS 0x0000000616000000, 0x0000000616000000| Untracked 
|  75|0x0000000616400000, 0x0000000616400000, 0x0000000616800000|  0%| F|  |TAMS 0x0000000616400000, 0x0000000616400000| Untracked 
|  76|0x0000000616800000, 0x0000000616800000, 0x0000000616c00000|  0%| F|  |TAMS 0x0000000616800000, 0x0000000616800000| Untracked 
|  77|0x0000000616c00000, 0x0000000616c00000, 0x0000000617000000|  0%| F|  |TAMS 0x0000000616c00000, 0x0000000616c00000| Untracked 
|  78|0x0000000617000000, 0x0000000617000000, 0x0000000617400000|  0%| F|  |TAMS 0x0000000617000000, 0x0000000617000000| Untracked 
|  79|0x0000000617400000, 0x0000000617400000, 0x0000000617800000|  0%| F|  |TAMS 0x0000000617400000, 0x0000000617400000| Untracked 
|  80|0x0000000617800000, 0x0000000617800000, 0x0000000617c00000|  0%| F|  |TAMS 0x0000000617800000, 0x0000000617800000| Untracked 
|  81|0x0000000617c00000, 0x0000000617c00000, 0x0000000618000000|  0%| F|  |TAMS 0x0000000617c00000, 0x0000000617c00000| Untracked 
|  82|0x0000000618000000, 0x0000000618000000, 0x0000000618400000|  0%| F|  |TAMS 0x0000000618000000, 0x0000000618000000| Untracked 
|  83|0x0000000618400000, 0x0000000618400000, 0x0000000618800000|  0%| F|  |TAMS 0x0000000618400000, 0x0000000618400000| Untracked 
|  84|0x0000000618800000, 0x0000000618800000, 0x0000000618c00000|  0%| F|  |TAMS 0x0000000618800000, 0x0000000618800000| Untracked 
|  85|0x0000000618c00000, 0x0000000618c00000, 0x0000000619000000|  0%| F|  |TAMS 0x0000000618c00000, 0x0000000618c00000| Untracked 
|  86|0x0000000619000000, 0x0000000619000000, 0x0000000619400000|  0%| F|  |TAMS 0x0000000619000000, 0x0000000619000000| Untracked 
|  87|0x0000000619400000, 0x0000000619400000, 0x0000000619800000|  0%| F|  |TAMS 0x0000000619400000, 0x0000000619400000| Untracked 
|  88|0x0000000619800000, 0x0000000619800000, 0x0000000619c00000|  0%| F|  |TAMS 0x0000000619800000, 0x0000000619800000| Untracked 
|  89|0x0000000619c00000, 0x0000000619c00000, 0x000000061a000000|  0%| F|  |TAMS 0x0000000619c00000, 0x0000000619c00000| Untracked 
|  90|0x000000061a000000, 0x000000061a000000, 0x000000061a400000|  0%| F|  |TAMS 0x000000061a000000, 0x000000061a000000| Untracked 
|  91|0x000000061a400000, 0x000000061a400000, 0x000000061a800000|  0%| F|  |TAMS 0x000000061a400000, 0x000000061a400000| Untracked 
|  92|0x000000061a800000, 0x000000061a800000, 0x000000061ac00000|  0%| F|  |TAMS 0x000000061a800000, 0x000000061a800000| Untracked 
|  93|0x000000061ac00000, 0x000000061ac00000, 0x000000061b000000|  0%| F|  |TAMS 0x000000061ac00000, 0x000000061ac00000| Untracked 
|  94|0x000000061b000000, 0x000000061b000000, 0x000000061b400000|  0%| F|  |TAMS 0x000000061b000000, 0x000000061b000000| Untracked 
|  95|0x000000061b400000, 0x000000061b400000, 0x000000061b800000|  0%| F|  |TAMS 0x000000061b400000, 0x000000061b400000| Untracked 
|  96|0x000000061b800000, 0x000000061b800000, 0x000000061bc00000|  0%| F|  |TAMS 0x000000061b800000, 0x000000061b800000| Untracked 
|  97|0x000000061bc00000, 0x000000061bc00000, 0x000000061c000000|  0%| F|  |TAMS 0x000000061bc00000, 0x000000061bc00000| Untracked 
|  98|0x000000061c000000, 0x000000061c000000, 0x000000061c400000|  0%| F|  |TAMS 0x000000061c000000, 0x000000061c000000| Untracked 
|  99|0x000000061c400000, 0x000000061c400000, 0x000000061c800000|  0%| F|  |TAMS 0x000000061c400000, 0x000000061c400000| Untracked 
| 100|0x000000061c800000, 0x000000061c800000, 0x000000061cc00000|  0%| F|  |TAMS 0x000000061c800000, 0x000000061c800000| Untracked 
| 101|0x000000061cc00000, 0x000000061cc00000, 0x000000061d000000|  0%| F|  |TAMS 0x000000061cc00000, 0x000000061cc00000| Untracked 
| 102|0x000000061d000000, 0x000000061d000000, 0x000000061d400000|  0%| F|  |TAMS 0x000000061d000000, 0x000000061d000000| Untracked 
| 103|0x000000061d400000, 0x000000061d400000, 0x000000061d800000|  0%| F|  |TAMS 0x000000061d400000, 0x000000061d400000| Untracked 
| 104|0x000000061d800000, 0x000000061d800000, 0x000000061dc00000|  0%| F|  |TAMS 0x000000061d800000, 0x000000061d800000| Untracked 
| 105|0x000000061dc00000, 0x000000061dc00000, 0x000000061e000000|  0%| F|  |TAMS 0x000000061dc00000, 0x000000061dc00000| Untracked 
| 106|0x000000061e000000, 0x000000061e000000, 0x000000061e400000|  0%| F|  |TAMS 0x000000061e000000, 0x000000061e000000| Untracked 
| 107|0x000000061e400000, 0x000000061e400000, 0x000000061e800000|  0%| F|  |TAMS 0x000000061e400000, 0x000000061e400000| Untracked 
| 108|0x000000061e800000, 0x000000061e800000, 0x000000061ec00000|  0%| F|  |TAMS 0x000000061e800000, 0x000000061e800000| Untracked 
| 109|0x000000061ec00000, 0x000000061ec00000, 0x000000061f000000|  0%| F|  |TAMS 0x000000061ec00000, 0x000000061ec00000| Untracked 
| 110|0x000000061f000000, 0x000000061f000000, 0x000000061f400000|  0%| F|  |TAMS 0x000000061f000000, 0x000000061f000000| Untracked 
| 111|0x000000061f400000, 0x000000061f400000, 0x000000061f800000|  0%| F|  |TAMS 0x000000061f400000, 0x000000061f400000| Untracked 
| 112|0x000000061f800000, 0x000000061f800000, 0x000000061fc00000|  0%| F|  |TAMS 0x000000061f800000, 0x000000061f800000| Untracked 
| 113|0x000000061fc00000, 0x000000061fc00000, 0x0000000620000000|  0%| F|  |TAMS 0x000000061fc00000, 0x000000061fc00000| Untracked 
| 114|0x0000000620000000, 0x0000000620400000, 0x0000000620400000|100%| S|CS|TAMS 0x0000000620000000, 0x0000000620000000| Complete 
| 115|0x0000000620400000, 0x0000000620800000, 0x0000000620800000|100%| S|CS|TAMS 0x0000000620400000, 0x0000000620400000| Complete 
| 116|0x0000000620800000, 0x0000000620800000, 0x0000000620c00000|  0%| F|  |TAMS 0x0000000620800000, 0x0000000620800000| Untracked 
| 117|0x0000000620c00000, 0x0000000620c00000, 0x0000000621000000|  0%| F|  |TAMS 0x0000000620c00000, 0x0000000620c00000| Untracked 
| 118|0x0000000621000000, 0x00000006210f4250, 0x0000000621400000| 23%| E|  |TAMS 0x0000000621000000, 0x0000000621000000| Complete 
| 119|0x0000000621400000, 0x0000000621800000, 0x0000000621800000|100%| E|  |TAMS 0x0000000621400000, 0x0000000621400000| Complete 
| 120|0x0000000621800000, 0x0000000621c00000, 0x0000000621c00000|100%| E|CS|TAMS 0x0000000621800000, 0x0000000621800000| Complete 
| 121|0x0000000621c00000, 0x0000000622000000, 0x0000000622000000|100%| E|CS|TAMS 0x0000000621c00000, 0x0000000621c00000| Complete 
| 122|0x0000000622000000, 0x0000000622400000, 0x0000000622400000|100%| E|CS|TAMS 0x0000000622000000, 0x0000000622000000| Complete 
| 123|0x0000000622400000, 0x0000000622800000, 0x0000000622800000|100%| E|CS|TAMS 0x0000000622400000, 0x0000000622400000| Complete 
| 124|0x0000000622800000, 0x0000000622c00000, 0x0000000622c00000|100%| E|CS|TAMS 0x0000000622800000, 0x0000000622800000| Complete 
| 125|0x0000000622c00000, 0x0000000623000000, 0x0000000623000000|100%| E|CS|TAMS 0x0000000622c00000, 0x0000000622c00000| Complete 
| 126|0x0000000623000000, 0x0000000623400000, 0x0000000623400000|100%| E|CS|TAMS 0x0000000623000000, 0x0000000623000000| Complete 
| 127|0x0000000623400000, 0x0000000623800000, 0x0000000623800000|100%| E|CS|TAMS 0x0000000623400000, 0x0000000623400000| Complete 

Card table byte_map: [0x000001cd396a0000,0x000001cd3a690000] _byte_map_base: 0x000001cd36684000

Marking Bits (Prev, Next): (CMBitMap*) 0x000001cd210da160, (CMBitMap*) 0x000001cd210da1a0
 Prev Bits: [0x000001cd3b680000, 0x000001cd435a0000)
 Next Bits: [0x000001cd435a0000, 0x000001cd4b4c0000)

Polling page: 0x000001cd1ec50000

Metaspace:

Usage:
  Non-class:     17.57 MB used.
      Class:      3.09 MB used.
       Both:     20.66 MB used.

Virtual space:
  Non-class space:       64.00 MB reserved,      17.75 MB ( 28%) committed,  1 nodes.
      Class space:        1.00 GB reserved,       3.25 MB ( <1%) committed,  1 nodes.
             Both:        1.06 GB reserved,      21.00 MB (  2%) committed. 

Chunk freelists:
   Non-Class:  14.23 MB
       Class:  12.60 MB
        Both:  26.84 MB

MaxMetaspaceSize: unlimited
CompressedClassSpaceSize: 1.00 GB
Initial GC threshold: 21.00 MB
Current GC threshold: 21.00 MB
CDS: on
MetaspaceReclaimPolicy: balanced
 - commit_granule_bytes: 65536.
 - commit_granule_words: 8192.
 - virtual_space_node_default_size: 8388608.
 - enlarge_chunks_in_place: 1.
 - new_chunks_are_fully_committed: 0.
 - uncommit_free_chunks: 1.
 - use_allocation_guard: 0.
 - handle_deallocations: 1.


Internal statistics:

num_allocs_failed_limit: 0.
num_arena_births: 276.
num_arena_deaths: 0.
num_vsnodes_births: 2.
num_vsnodes_deaths: 0.
num_space_committed: 336.
num_space_uncommitted: 0.
num_chunks_returned_to_freelist: 0.
num_chunks_taken_from_freelist: 960.
num_chunk_merges: 0.
num_chunk_splits: 659.
num_chunks_enlarged: 524.
num_inconsistent_stats: 0.

CodeHeap 'non-profiled nmethods': size=119168Kb used=2393Kb max_used=2393Kb free=116774Kb
 bounds [0x000001cd30460000, 0x000001cd306d0000, 0x000001cd378c0000]
CodeHeap 'profiled nmethods': size=119104Kb used=9803Kb max_used=9803Kb free=109300Kb
 bounds [0x000001cd288c0000, 0x000001cd29260000, 0x000001cd2fd10000]
CodeHeap 'non-nmethods': size=7488Kb used=1461Kb max_used=3203Kb free=6026Kb
 bounds [0x000001cd2fd10000, 0x000001cd30040000, 0x000001cd30460000]
 total_blobs=5345 nmethods=4518 adapters=738
 compilation: enabled
              stopped_count=0, restarted_count=0
 full_count=0

Compilation events (20 events):
Event: 28.439 Thread 0x000001cd4ebaf9f0 4499       4       java.util.Arrays::fill (28 bytes)
Event: 28.440 Thread 0x000001cd4ebaf9f0 nmethod 4499 0x000001cd306b3d10 code [0x000001cd306b3ea0, 0x000001cd306b4098]
Event: 28.593 Thread 0x000001cd4ebaf9f0 4503       4       javafx.beans.property.ReadOnlyObjectProperty::<init> (5 bytes)
Event: 28.593 Thread 0x000001cd4ebaf9f0 nmethod 4503 0x000001cd306b4210 code [0x000001cd306b4380, 0x000001cd306b43f8]
Event: 28.602 Thread 0x000001cd9e806b70 4504       3       javafx.beans.binding.IntegerExpression::getValue (8 bytes)
Event: 28.602 Thread 0x000001cd4ebb23c0 4505       3       com.sun.javafx.util.Utils::convertSRGBtoLinearRGB (99 bytes)
Event: 28.602 Thread 0x000001cd9e806b70 nmethod 4504 0x000001cd29250010 code [0x000001cd292501e0, 0x000001cd29250628]
Event: 28.603 Thread 0x000001cd9e806b70 4506       3       javafx.scene.layout.Region::boundedSize (44 bytes)
Event: 28.603 Thread 0x000001cd4ebb23c0 nmethod 4505 0x000001cd29250790 code [0x000001cd292509c0, 0x000001cd29250ee8]
Event: 28.603 Thread 0x000001cd9e806b70 nmethod 4506 0x000001cd29251110 code [0x000001cd292512a0, 0x000001cd292514f8]
Event: 28.603 Thread 0x000001cd9e806b70 4507       3       com.sun.prism.impl.BaseResourcePool::freeDisposalRequestedAndCheckResources (156 bytes)
Event: 28.604 Thread 0x000001cd9e806b70 nmethod 4507 0x000001cd29251590 code [0x000001cd292517e0, 0x000001cd29252348]
Event: 28.633 Thread 0x000001cd4ebaf9f0 4512       4       java.lang.invoke.MethodTypeForm::canonicalize (74 bytes)
Event: 28.634 Thread 0x000001cd4ebaf9f0 nmethod 4512 0x000001cd306b5d10 code [0x000001cd306b5e80, 0x000001cd306b5f38]
Event: 28.634 Thread 0x000001cd4ebaf9f0 4517       4       com.sun.glass.ui.Application::checkEventThread (35 bytes)
Event: 28.634 Thread 0x000001cd4ebaf9f0 nmethod 4517 0x000001cd306b6010 code [0x000001cd306b6180, 0x000001cd306b6218]
Event: 28.678 Thread 0x000001cd9475c150 4518       3       javafx.scene.Node::resizeRelocate (15 bytes)
Event: 28.678 Thread 0x000001cd9475c150 nmethod 4518 0x000001cd29252710 code [0x000001cd292528c0, 0x000001cd29252b78]
Event: 28.678 Thread 0x000001cd4ebb23c0 4519       1       com.sun.javafx.tk.quantum.ViewScene::getPlatformView (5 bytes)
Event: 28.678 Thread 0x000001cd4ebb23c0 nmethod 4519 0x000001cd306b6310 code [0x000001cd306b64a0, 0x000001cd306b6578]

GC Heap History (4 events):
Event: 0.361 GC heap before
{Heap before GC invocations=0 (full 0):
 garbage-first heap   total 524288K, used 24576K [0x0000000603800000, 0x0000000800000000)
  region size 4096K, 6 young (24576K), 0 survivors (0K)
 Metaspace       used 4728K, committed 4864K, reserved 1114112K
  class space    used 561K, committed 640K, reserved 1048576K
}
Event: 0.363 GC heap after
{Heap after GC invocations=1 (full 0):
 garbage-first heap   total 524288K, used 2794K [0x0000000603800000, 0x0000000800000000)
  region size 4096K, 1 young (4096K), 1 survivors (4096K)
 Metaspace       used 4728K, committed 4864K, reserved 1114112K
  class space    used 561K, committed 640K, reserved 1048576K
}
Event: 0.740 GC heap before
{Heap before GC invocations=1 (full 0):
 garbage-first heap   total 524288K, used 47850K [0x0000000603800000, 0x0000000800000000)
  region size 4096K, 12 young (49152K), 1 survivors (4096K)
 Metaspace       used 15247K, committed 15488K, reserved 1114112K
  class space    used 2452K, committed 2560K, reserved 1048576K
}
Event: 0.744 GC heap after
{Heap after GC invocations=2 (full 0):
 garbage-first heap   total 524288K, used 13064K [0x0000000603800000, 0x0000000800000000)
  region size 4096K, 2 young (8192K), 2 survivors (8192K)
 Metaspace       used 15247K, committed 15488K, reserved 1114112K
  class space    used 2452K, committed 2560K, reserved 1048576K
}

Deoptimization events (20 events):
Event: 27.357 Thread 0x000001cd94cc2480 DEOPT PACKING pc=0x000001cd305ec6e4 sp=0x00000042374fbeb0
Event: 27.357 Thread 0x000001cd94cc2480 DEOPT UNPACKING pc=0x000001cd2fd623a3 sp=0x00000042374fbca8 mode 2
Event: 27.357 Thread 0x000001cd94cc2480 Uncommon trap: trap_request=0xffffffc6 fr.pc=0x000001cd305ec6e4 relative=0x0000000000003a44
Event: 27.357 Thread 0x000001cd94cc2480 Uncommon trap: reason=bimorphic_or_optimized_type_check action=maybe_recompile pc=0x000001cd305ec6e4 method=javafx.css.CompoundSelector.stateMatches(Ljavafx/css/Styleable;Ljava/util/Set;I)Z @ 123 c2
Event: 27.357 Thread 0x000001cd94cc2480 DEOPT PACKING pc=0x000001cd305ec6e4 sp=0x00000042374fbeb0
Event: 27.357 Thread 0x000001cd94cc2480 DEOPT UNPACKING pc=0x000001cd2fd623a3 sp=0x00000042374fbca8 mode 2
Event: 27.358 Thread 0x000001cd94cc2480 Uncommon trap: trap_request=0xffffffc6 fr.pc=0x000001cd305d4ee0 relative=0x0000000000003020
Event: 27.358 Thread 0x000001cd94cc2480 Uncommon trap: reason=bimorphic_or_optimized_type_check action=maybe_recompile pc=0x000001cd305d4ee0 method=javafx.css.CompoundSelector.stateMatches(Ljavafx/css/Styleable;Ljava/util/Set;I)Z @ 160 c2
Event: 27.358 Thread 0x000001cd94cc2480 DEOPT PACKING pc=0x000001cd305d4ee0 sp=0x00000042374fbde0
Event: 27.358 Thread 0x000001cd94cc2480 DEOPT UNPACKING pc=0x000001cd2fd623a3 sp=0x00000042374fbc98 mode 2
Event: 27.358 Thread 0x000001cd94cc2480 Uncommon trap: trap_request=0xffffffc6 fr.pc=0x000001cd305d4ee0 relative=0x0000000000003020
Event: 27.358 Thread 0x000001cd94cc2480 Uncommon trap: reason=bimorphic_or_optimized_type_check action=maybe_recompile pc=0x000001cd305d4ee0 method=javafx.css.CompoundSelector.stateMatches(Ljavafx/css/Styleable;Ljava/util/Set;I)Z @ 160 c2
Event: 27.358 Thread 0x000001cd94cc2480 DEOPT PACKING pc=0x000001cd305d4ee0 sp=0x00000042374fbd00
Event: 27.358 Thread 0x000001cd94cc2480 DEOPT UNPACKING pc=0x000001cd2fd623a3 sp=0x00000042374fbbb8 mode 2
Event: 27.376 Thread 0x000001cd9499eba0 Uncommon trap: trap_request=0xffffff45 fr.pc=0x000001cd305a7b50 relative=0x0000000000000690
Event: 27.376 Thread 0x000001cd9499eba0 Uncommon trap: reason=unstable_if action=reinterpret pc=0x000001cd305a7b50 method=com.sun.marlin.MaskMarlinAlphaConsumer.setAndClearRelativeAlphas([I[IIII)V @ 414 c2
Event: 27.376 Thread 0x000001cd9499eba0 DEOPT PACKING pc=0x000001cd305a7b50 sp=0x00000042377fd5c0
Event: 27.376 Thread 0x000001cd9499eba0 DEOPT UNPACKING pc=0x000001cd2fd623a3 sp=0x00000042377fd4c8 mode 2
Event: 28.379 Thread 0x000001cd9499eba0 DEOPT PACKING pc=0x000001cd28cc4ac2 sp=0x00000042377fe260
Event: 28.379 Thread 0x000001cd9499eba0 DEOPT UNPACKING pc=0x000001cd2fd62b43 sp=0x00000042377fd6f0 mode 0

Classes unloaded (0 events):
No events

Classes redefined (0 events):
No events

Internal exceptions (20 events):
Event: 0.749 Thread 0x000001cd9499eba0 Exception <a 'java/lang/NoSuchMethodError'{0x0000000623735818}: 'int java.lang.invoke.DirectMethodHandle$Holder.invokeStaticInit(java.lang.Object, java.lang.Object)'> (0x0000000623735818) 
thrown [s\open\src\hotspot\share\interpreter\linkResolver.cpp, line 759]
Event: 2.987 Thread 0x000001cd94cc2480 Exception <a 'java/lang/NoSuchMethodError'{0x00000006234df370}: 'long java.lang.invoke.DirectMethodHandle$Holder.invokeStatic(java.lang.Object, java.lang.Object, java.lang.Object)'> (0x00000006234df370) 
thrown [s\open\src\hotspot\share\interpreter\linkResolver.cpp, line 759]
Event: 2.987 Thread 0x000001cd94cc2480 Exception <a 'java/lang/NoSuchMethodError'{0x00000006234e2b18}: 'long java.lang.invoke.DirectMethodHandle$Holder.invokeStaticInit(java.lang.Object, java.lang.Object, java.lang.Object)'> (0x00000006234e2b18) 
thrown [s\open\src\hotspot\share\interpreter\linkResolver.cpp, line 759]
Event: 2.988 Thread 0x000001cd94cc2480 Exception <a 'java/lang/NoSuchMethodError'{0x00000006234fa718}: 'java.lang.Object java.lang.invoke.DirectMethodHandle$Holder.newInvokeSpecial(java.lang.Object, java.lang.Object, long)'> (0x00000006234fa718) 
thrown [s\open\src\hotspot\share\interpreter\linkResolver.cpp, line 759]
Event: 2.988 Thread 0x000001cd94cc2480 Exception <a 'java/lang/NoSuchMethodError'{0x00000006234fe288}: 'java.lang.Object java.lang.invoke.Invokers$Holder.linkToTargetMethod(java.lang.Object, long, java.lang.Object)'> (0x00000006234fe288) 
thrown [s\open\src\hotspot\share\interpreter\linkResolver.cpp, line 759]
Event: 3.962 Thread 0x000001cd94cc2480 Exception <a 'java/lang/NoSuchMethodError'{0x00000006235281b0}: 'void java.lang.invoke.DirectMethodHandle$Holder.invokeStatic(java.lang.Object, long)'> (0x00000006235281b0) 
thrown [s\open\src\hotspot\share\interpreter\linkResolver.cpp, line 759]
Event: 3.962 Thread 0x000001cd94cc2480 Exception <a 'java/lang/NoSuchMethodError'{0x000000062352d800}: 'java.lang.Object java.lang.invoke.DirectMethodHandle$Holder.newInvokeSpecial(java.lang.Object, long)'> (0x000000062352d800) 
thrown [s\open\src\hotspot\share\interpreter\linkResolver.cpp, line 759]
Event: 3.962 Thread 0x000001cd94cc2480 Exception <a 'java/lang/NoSuchMethodError'{0x00000006235355e0}: 'java.lang.Object java.lang.invoke.DirectMethodHandle$Holder.invokeStatic(java.lang.Object, java.lang.Object, long, java.lang.Object)'> (0x00000006235355e0) 
thrown [s\open\src\hotspot\share\interpreter\linkResolver.cpp, line 759]
Event: 3.962 Thread 0x000001cd94cc2480 Exception <a 'java/lang/NoSuchMethodError'{0x0000000623539078}: 'java.lang.Object java.lang.invoke.DirectMethodHandle$Holder.invokeStaticInit(java.lang.Object, java.lang.Object, long, java.lang.Object)'> (0x0000000623539078) 
thrown [s\open\src\hotspot\share\interpreter\linkResolver.cpp, line 759]
Event: 4.158 Thread 0x000001cd9499eba0 Exception <a 'java/lang/NoSuchMethodError'{0x0000000622c19bc0}: 'java.lang.Object java.lang.invoke.DirectMethodHandle$Holder.invokeStaticInit(java.lang.Object, int)'> (0x0000000622c19bc0) 
thrown [s\open\src\hotspot\share\interpreter\linkResolver.cpp, line 759]
Event: 5.970 Thread 0x000001cd94cc2480 Exception <a 'java/lang/NoSuchMethodError'{0x0000000622947c60}: 'java.lang.Object java.lang.invoke.DirectMethodHandle$Holder.invokeSpecial(java.lang.Object, java.lang.Object, java.lang.Object, java.lang.Object, java.lang.Object, int)'> (0x0000000622947c60) 
thrown [s\open\src\hotspot\share\interpreter\linkResolver.cpp, line 759]
Event: 5.970 Thread 0x000001cd94cc2480 Exception <a 'java/lang/NoSuchMethodError'{0x000000062294b948}: 'java.lang.Object java.lang.invoke.Invokers$Holder.linkToTargetMethod(java.lang.Object, java.lang.Object, java.lang.Object, int, java.lang.Object)'> (0x000000062294b948) 
thrown [s\open\src\hotspot\share\interpreter\linkResolver.cpp, line 759]
Event: 5.974 Thread 0x000001cd94cc2480 Implicit null exception at 0x000001cd3053f8bd to 0x000001cd3054030c
Event: 6.658 Thread 0x000001cd94cc2480 Implicit null exception at 0x000001cd3056ce55 to 0x000001cd3056d1aa
Event: 6.658 Thread 0x000001cd94cc2480 Implicit null exception at 0x000001cd305ad884 to 0x000001cd305af074
Event: 6.670 Thread 0x000001cd94cc2480 Implicit null exception at 0x000001cd3058c5f1 to 0x000001cd3058c654
Event: 6.720 Thread 0x000001cd94cc2480 Exception <a 'java/lang/NoSuchMethodError'{0x0000000621d87ae0}: 'void java.lang.invoke.DirectMethodHandle$Holder.invokeSpecialIFC(java.lang.Object, java.lang.Object, java.lang.Object, java.lang.Object)'> (0x0000000621d87ae0) 
thrown [s\open\src\hotspot\share\interpreter\linkResolver.cpp, line 759]
Event: 28.633 Thread 0x000001cd94cc2480 Exception <a 'java/lang/NoSuchMethodError'{0x00000006216f1b90}: 'java.lang.Object java.lang.invoke.DirectMethodHandle$Holder.newInvokeSpecial(java.lang.Object, java.lang.Object, int, int, int, int, int, java.lang.Object)'> (0x00000006216f1b90) 
thrown [s\open\src\hotspot\share\interpreter\linkResolver.cpp, line 759]
Event: 28.634 Thread 0x000001cd94cc2480 Exception <a 'java/lang/NoSuchMethodError'{0x0000000621704b98}: 'java.lang.Object java.lang.invoke.DirectMethodHandle$Holder.newInvokeSpecial(java.lang.Object, java.lang.Object, java.lang.Object, int, int, int, int, int)'> (0x0000000621704b98) 
thrown [s\open\src\hotspot\share\interpreter\linkResolver.cpp, line 759]
Event: 28.634 Thread 0x000001cd94cc2480 Exception <a 'java/lang/NoSuchMethodError'{0x000000062170c3f8}: 'java.lang.Object java.lang.invoke.Invokers$Holder.linkToTargetMethod(java.lang.Object, java.lang.Object, int, int, int, int, int, java.lang.Object)'> (0x000000062170c3f8) 
thrown [s\open\src\hotspot\share\interpreter\linkResolver.cpp, line 759]

VM Operations (20 events):
Event: 10.121 Executing VM operation: HandshakeAllThreads
Event: 10.121 Executing VM operation: HandshakeAllThreads done
Event: 10.889 Executing VM operation: ICBufferFull
Event: 10.889 Executing VM operation: ICBufferFull done
Event: 11.889 Executing VM operation: Cleanup
Event: 11.890 Executing VM operation: Cleanup done
Event: 16.893 Executing VM operation: Cleanup
Event: 16.893 Executing VM operation: Cleanup done
Event: 17.893 Executing VM operation: Cleanup
Event: 17.894 Executing VM operation: Cleanup done
Event: 26.899 Executing VM operation: Cleanup
Event: 26.899 Executing VM operation: Cleanup done
Event: 27.353 Executing VM operation: HandshakeAllThreads
Event: 27.353 Executing VM operation: HandshakeAllThreads done
Event: 27.354 Executing VM operation: HandshakeAllThreads
Event: 27.354 Executing VM operation: HandshakeAllThreads done
Event: 28.354 Executing VM operation: Cleanup
Event: 28.354 Executing VM operation: Cleanup done
Event: 30.355 Executing VM operation: Cleanup
Event: 30.355 Executing VM operation: Cleanup done

Events (20 events):
Event: 10.418 Thread 0x000001cd4ed824e0 Thread exited: 0x000001cd4ed824e0
Event: 16.225 Thread 0x000001cd4ec5aa90 Thread exited: 0x000001cd4ec5aa90
Event: 26.482 Thread 0x000001cd944c85b0 Thread added: 0x000001cd944c85b0
Event: 26.609 Thread 0x000001cd944c85b0 Thread exited: 0x000001cd944c85b0
Event: 27.049 Thread 0x000001cd9475c150 Thread added: 0x000001cd9475c150
Event: 27.343 Thread 0x000001cd9e806b70 Thread added: 0x000001cd9e806b70
Event: 27.343 Thread 0x000001cd9d7a3920 Thread added: 0x000001cd9d7a3920
Event: 27.344 Thread 0x000001cd9cba6d90 Thread added: 0x000001cd9cba6d90
Event: 27.352 loading class java/text/ParseException
Event: 27.352 loading class java/text/ParseException done
Event: 27.359 Thread 0x000001cd9d7ca160 Thread added: 0x000001cd9d7ca160
Event: 27.362 loading class java/text/FieldPosition$Delegate
Event: 27.362 loading class java/text/FieldPosition$Delegate done
Event: 27.373 Thread 0x000001cd9d7cb150 Thread added: 0x000001cd9d7cb150
Event: 27.898 Thread 0x000001cd9d7cb150 Thread exited: 0x000001cd9d7cb150
Event: 28.005 Thread 0x000001cd9d7ca160 Thread exited: 0x000001cd9d7ca160
Event: 28.378 Thread 0x000001cd9cba6d90 Thread exited: 0x000001cd9cba6d90
Event: 28.593 Thread 0x000001cd9d7a3920 Thread exited: 0x000001cd9d7a3920
Event: 33.678 Thread 0x000001cd9e806b70 Thread exited: 0x000001cd9e806b70
Event: 33.678 Thread 0x000001cd9475c150 Thread exited: 0x000001cd9475c150


Dynamic libraries:
0x00007ff6a1200000 - 0x00007ff6a1210000 	C:\Program Files\Java\jdk-17\bin\java.exe
0x00007ff8eae70000 - 0x00007ff8eb086000 	C:\Windows\SYSTEM32\ntdll.dll
0x00007ff8e9190000 - 0x00007ff8e9254000 	C:\Windows\System32\KERNEL32.DLL
0x00007ff8e8360000 - 0x00007ff8e8707000 	C:\Windows\System32\KERNELBASE.dll
0x00007ff8e88f0000 - 0x00007ff8e8a01000 	C:\Windows\System32\ucrtbase.dll
0x00007ff8bd5a0000 - 0x00007ff8bd5b9000 	C:\Program Files\Java\jdk-17\bin\jli.dll
0x00007ff8e96e0000 - 0x00007ff8e9792000 	C:\Windows\System32\ADVAPI32.dll
0x00007ff8b9150000 - 0x00007ff8b916b000 	C:\Program Files\Java\jdk-17\bin\VCRUNTIME140.dll
0x00007ff8e90e0000 - 0x00007ff8e9187000 	C:\Windows\System32\msvcrt.dll
0x00007ff8ea920000 - 0x00007ff8ea9c8000 	C:\Windows\System32\sechost.dll
0x00007ff8e8190000 - 0x00007ff8e81b8000 	C:\Windows\System32\bcrypt.dll
0x00007ff8ea710000 - 0x00007ff8ea825000 	C:\Windows\System32\RPCRT4.dll
0x00007ff8ea9d0000 - 0x00007ff8eab7e000 	C:\Windows\System32\USER32.dll
0x00007ff8e81c0000 - 0x00007ff8e81e6000 	C:\Windows\System32\win32u.dll
0x00007ff8b7690000 - 0x00007ff8b7923000 	C:\Windows\WinSxS\amd64_microsoft.windows.common-controls_6595b64144ccf1df_6.0.22621.3235_none_270f74e173860f98\COMCTL32.dll
0x00007ff8ead30000 - 0x00007ff8ead59000 	C:\Windows\System32\GDI32.dll
0x00007ff8e87d0000 - 0x00007ff8e88e9000 	C:\Windows\System32\gdi32full.dll
0x00007ff8e8b00000 - 0x00007ff8e8b9a000 	C:\Windows\System32\msvcp_win.dll
0x00007ff8e24a0000 - 0x00007ff8e24aa000 	C:\Windows\SYSTEM32\VERSION.dll
0x00007ff8e9a10000 - 0x00007ff8e9a41000 	C:\Windows\System32\IMM32.DLL
0x00007ff8dfd40000 - 0x00007ff8dfd4c000 	C:\Program Files\Java\jdk-17\bin\vcruntime140_1.dll
0x00007fffc6950000 - 0x00007fffc69de000 	C:\Program Files\Java\jdk-17\bin\msvcp140.dll
0x00007fffc3d10000 - 0x00007fffc48f1000 	C:\Program Files\Java\jdk-17\bin\server\jvm.dll
0x00007ff8e99a0000 - 0x00007ff8e99a8000 	C:\Windows\System32\PSAPI.DLL
0x00007ff8ca890000 - 0x00007ff8ca899000 	C:\Windows\SYSTEM32\WSOCK32.dll
0x00007ff8daeb0000 - 0x00007ff8daee4000 	C:\Windows\SYSTEM32\WINMM.dll
0x00007ff8ea8a0000 - 0x00007ff8ea911000 	C:\Windows\System32\WS2_32.dll
0x00007ff8e7220000 - 0x00007ff8e7238000 	C:\Windows\SYSTEM32\kernel.appcore.dll
0x00007ff8df900000 - 0x00007ff8df90a000 	C:\Program Files\Java\jdk-17\bin\jimage.dll
0x00007ff8e1100000 - 0x00007ff8e1333000 	C:\Windows\SYSTEM32\DBGHELP.DLL
0x00007ff8e8ca0000 - 0x00007ff8e9028000 	C:\Windows\System32\combase.dll
0x00007ff8e8bc0000 - 0x00007ff8e8c97000 	C:\Windows\System32\OLEAUT32.dll
0x00007ff8e1070000 - 0x00007ff8e10a2000 	C:\Windows\SYSTEM32\dbgcore.DLL
0x00007ff8e8a80000 - 0x00007ff8e8af9000 	C:\Windows\System32\bcryptPrimitives.dll
0x00007fffc97f0000 - 0x00007fffc9815000 	C:\Program Files\Java\jdk-17\bin\java.dll
0x00007fffc64e0000 - 0x00007fffc65b7000 	C:\Program Files\Java\jdk-17\bin\jsvml.dll
0x00007ff8e9ae0000 - 0x00007ff8ea33c000 	C:\Windows\System32\SHELL32.dll
0x00007ff8e6100000 - 0x00007ff8e69f9000 	C:\Windows\SYSTEM32\windows.storage.dll
0x00007ff8e5fc0000 - 0x00007ff8e60fe000 	C:\Windows\SYSTEM32\wintypes.dll
0x00007ff8e97a0000 - 0x00007ff8e9893000 	C:\Windows\System32\SHCORE.dll
0x00007ff8e99b0000 - 0x00007ff8e9a0e000 	C:\Windows\System32\shlwapi.dll
0x00007ff8e80c0000 - 0x00007ff8e80e1000 	C:\Windows\SYSTEM32\profapi.dll
0x00007ff85bc30000 - 0x00007ff85bc49000 	C:\Program Files\Java\jdk-17\bin\net.dll
0x00007ff8e3100000 - 0x00007ff8e3236000 	C:\Windows\SYSTEM32\WINHTTP.dll
0x00007ff8e7730000 - 0x00007ff8e7799000 	C:\Windows\system32\mswsock.dll
0x00007ff859250000 - 0x00007ff859266000 	C:\Program Files\Java\jdk-17\bin\nio.dll
0x00007ff8b4720000 - 0x00007ff8b4738000 	C:\Program Files\Java\jdk-17\bin\zip.dll
0x000001cd1ef60000 - 0x000001cd1ef63000 	C:\Users\aaron\.openjfx\cache\20+19\amd64\api-ms-win-core-console-l1-1-0.dll
0x000001cd20f20000 - 0x000001cd20f23000 	C:\Users\aaron\.openjfx\cache\20+19\amd64\api-ms-win-core-console-l1-2-0.dll
0x000001cd20f30000 - 0x000001cd20f33000 	C:\Users\aaron\.openjfx\cache\20+19\amd64\api-ms-win-core-datetime-l1-1-0.dll
0x000001cd20f40000 - 0x000001cd20f43000 	C:\Users\aaron\.openjfx\cache\20+19\amd64\api-ms-win-core-debug-l1-1-0.dll
0x000001cd20f50000 - 0x000001cd20f53000 	C:\Users\aaron\.openjfx\cache\20+19\amd64\api-ms-win-core-errorhandling-l1-1-0.dll
0x000001cd20f60000 - 0x000001cd20f64000 	C:\Users\aaron\.openjfx\cache\20+19\amd64\api-ms-win-core-file-l1-1-0.dll
0x000001cd20f70000 - 0x000001cd20f73000 	C:\Users\aaron\.openjfx\cache\20+19\amd64\api-ms-win-core-file-l1-2-0.dll
0x000001cd20f80000 - 0x000001cd20f83000 	C:\Users\aaron\.openjfx\cache\20+19\amd64\api-ms-win-core-file-l2-1-0.dll
0x000001cd20f90000 - 0x000001cd20f93000 	C:\Users\aaron\.openjfx\cache\20+19\amd64\api-ms-win-core-handle-l1-1-0.dll
0x000001cd20fa0000 - 0x000001cd20fa3000 	C:\Users\aaron\.openjfx\cache\20+19\amd64\api-ms-win-core-heap-l1-1-0.dll
0x000001cd20fb0000 - 0x000001cd20fb3000 	C:\Users\aaron\.openjfx\cache\20+19\amd64\api-ms-win-core-interlocked-l1-1-0.dll
0x000001cd20fc0000 - 0x000001cd20fc3000 	C:\Users\aaron\.openjfx\cache\20+19\amd64\api-ms-win-core-libraryloader-l1-1-0.dll
0x000001cd20fd0000 - 0x000001cd20fd3000 	C:\Users\aaron\.openjfx\cache\20+19\amd64\api-ms-win-core-localization-l1-2-0.dll
0x000001cd20fe0000 - 0x000001cd20fe3000 	C:\Users\aaron\.openjfx\cache\20+19\amd64\api-ms-win-core-memory-l1-1-0.dll
0x000001cd957d0000 - 0x000001cd957d3000 	C:\Users\aaron\.openjfx\cache\20+19\amd64\api-ms-win-core-namedpipe-l1-1-0.dll
0x000001cd957e0000 - 0x000001cd957e3000 	C:\Users\aaron\.openjfx\cache\20+19\amd64\api-ms-win-core-processenvironment-l1-1-0.dll
0x000001cd957f0000 - 0x000001cd957f3000 	C:\Users\aaron\.openjfx\cache\20+19\amd64\api-ms-win-core-processthreads-l1-1-0.dll
0x000001cd95800000 - 0x000001cd95803000 	C:\Users\aaron\.openjfx\cache\20+19\amd64\api-ms-win-core-processthreads-l1-1-1.dll
0x000001cd95810000 - 0x000001cd95813000 	C:\Users\aaron\.openjfx\cache\20+19\amd64\api-ms-win-core-profile-l1-1-0.dll
0x000001cd95820000 - 0x000001cd95823000 	C:\Users\aaron\.openjfx\cache\20+19\amd64\api-ms-win-core-rtlsupport-l1-1-0.dll
0x000001cd95830000 - 0x000001cd95833000 	C:\Users\aaron\.openjfx\cache\20+19\amd64\api-ms-win-core-string-l1-1-0.dll
0x000001cd95840000 - 0x000001cd95843000 	C:\Users\aaron\.openjfx\cache\20+19\amd64\api-ms-win-core-synch-l1-1-0.dll
0x000001cd95850000 - 0x000001cd95853000 	C:\Users\aaron\.openjfx\cache\20+19\amd64\api-ms-win-core-synch-l1-2-0.dll
0x000001cd95860000 - 0x000001cd95863000 	C:\Users\aaron\.openjfx\cache\20+19\amd64\api-ms-win-core-sysinfo-l1-1-0.dll
0x000001cd95870000 - 0x000001cd95873000 	C:\Users\aaron\.openjfx\cache\20+19\amd64\api-ms-win-core-timezone-l1-1-0.dll
0x000001cd95880000 - 0x000001cd95883000 	C:\Users\aaron\.openjfx\cache\20+19\amd64\api-ms-win-core-util-l1-1-0.dll
0x000001cd95890000 - 0x000001cd95893000 	C:\Users\aaron\.openjfx\cache\20+19\amd64\api-ms-win-crt-conio-l1-1-0.dll
0x000001cd958a0000 - 0x000001cd958a4000 	C:\Users\aaron\.openjfx\cache\20+19\amd64\api-ms-win-crt-convert-l1-1-0.dll
0x000001cd958b0000 - 0x000001cd958b3000 	C:\Users\aaron\.openjfx\cache\20+19\amd64\api-ms-win-crt-environment-l1-1-0.dll
0x000001cd958c0000 - 0x000001cd958c3000 	C:\Users\aaron\.openjfx\cache\20+19\amd64\api-ms-win-crt-filesystem-l1-1-0.dll
0x000001cd958d0000 - 0x000001cd958d3000 	C:\Users\aaron\.openjfx\cache\20+19\amd64\api-ms-win-crt-heap-l1-1-0.dll
0x000001cd958e0000 - 0x000001cd958e3000 	C:\Users\aaron\.openjfx\cache\20+19\amd64\api-ms-win-crt-locale-l1-1-0.dll
0x000001cd958f0000 - 0x000001cd958f5000 	C:\Users\aaron\.openjfx\cache\20+19\amd64\api-ms-win-crt-math-l1-1-0.dll
0x000001cd95900000 - 0x000001cd95905000 	C:\Users\aaron\.openjfx\cache\20+19\amd64\api-ms-win-crt-multibyte-l1-1-0.dll
0x000001cd95910000 - 0x000001cd95920000 	C:\Users\aaron\.openjfx\cache\20+19\amd64\api-ms-win-crt-private-l1-1-0.dll
0x000001cd95920000 - 0x000001cd95923000 	C:\Users\aaron\.openjfx\cache\20+19\amd64\api-ms-win-crt-process-l1-1-0.dll
0x000001cd95930000 - 0x000001cd95934000 	C:\Users\aaron\.openjfx\cache\20+19\amd64\api-ms-win-crt-runtime-l1-1-0.dll
0x000001cd95940000 - 0x000001cd95944000 	C:\Users\aaron\.openjfx\cache\20+19\amd64\api-ms-win-crt-stdio-l1-1-0.dll
0x000001cd95950000 - 0x000001cd95954000 	C:\Users\aaron\.openjfx\cache\20+19\amd64\api-ms-win-crt-string-l1-1-0.dll
0x000001cd95960000 - 0x000001cd95963000 	C:\Users\aaron\.openjfx\cache\20+19\amd64\api-ms-win-crt-time-l1-1-0.dll
0x000001cd95970000 - 0x000001cd95973000 	C:\Users\aaron\.openjfx\cache\20+19\amd64\api-ms-win-crt-utility-l1-1-0.dll
0x00007fffc63e0000 - 0x00007fffc64dc000 	C:\Users\aaron\.openjfx\cache\20+19\amd64\ucrtbase.dll
0x00007fffc7c70000 - 0x00007fffc7c8b000 	C:\Users\aaron\.openjfx\cache\20+19\amd64\vcruntime140.dll
0x00007ff868910000 - 0x00007ff86891c000 	C:\Users\aaron\.openjfx\cache\20+19\amd64\vcruntime140_1.dll
0x00007fffc23a0000 - 0x00007fffc242e000 	C:\Users\aaron\.openjfx\cache\20+19\amd64\msvcp140.dll
0x00007ff867ed0000 - 0x00007ff867ed9000 	C:\Users\aaron\.openjfx\cache\20+19\amd64\msvcp140_1.dll
0x00007fffc6d50000 - 0x00007fffc6d80000 	C:\Users\aaron\.openjfx\cache\20+19\amd64\msvcp140_2.dll
0x00007fffc68d0000 - 0x00007fffc68ff000 	C:\Users\aaron\.openjfx\cache\20+19\amd64\prism_d3d.dll
0x00007ff8baa50000 - 0x00007ff8babf9000 	C:\Windows\system32\d3d9.dll
0x00007ff8e58c0000 - 0x00007ff8e58eb000 	C:\Windows\SYSTEM32\dwmapi.dll
0x00007ff8e5930000 - 0x00007ff8e5969000 	C:\Windows\SYSTEM32\dxcore.dll
0x00007ff8e5640000 - 0x00007ff8e56eb000 	C:\Windows\system32\uxtheme.dll
0x00007ff8de250000 - 0x00007ff8de30e000 	C:\Windows\System32\DriverStore\FileRepository\nv_dispi.inf_amd64_493585427225c794\nvldumdx.dll
0x00007ff8e7e30000 - 0x00007ff8e7e42000 	C:\Windows\SYSTEM32\msasn1.dll
0x00007ff8e23a0000 - 0x00007ff8e23d2000 	C:\Windows\SYSTEM32\cryptnet.dll
0x00007ff8e81f0000 - 0x00007ff8e8357000 	C:\Windows\System32\CRYPT32.dll
0x00007ff8e21d0000 - 0x00007ff8e2328000 	C:\Windows\SYSTEM32\drvstore.dll
0x00007ff8e7e50000 - 0x00007ff8e7e7c000 	C:\Windows\SYSTEM32\devobj.dll
0x00007ff8e7e80000 - 0x00007ff8e7ece000 	C:\Windows\SYSTEM32\CFGMGR32.dll
0x00007ff8e7a40000 - 0x00007ff8e7a88000 	C:\Windows\SYSTEM32\wldp.dll
0x00007ff8e79b0000 - 0x00007ff8e79bc000 	C:\Windows\SYSTEM32\cryptbase.dll
0x00007ff8e8a10000 - 0x00007ff8e8a7b000 	C:\Windows\System32\wintrust.dll
0x00007ff8ea590000 - 0x00007ff8ea5af000 	C:\Windows\System32\imagehlp.dll
0x00007ff8e7990000 - 0x00007ff8e79ab000 	C:\Windows\SYSTEM32\CRYPTSP.dll
0x00007ff8e7240000 - 0x00007ff8e7275000 	C:\Windows\system32\rsaenh.dll
0x00007ff8dbb30000 - 0x00007ff8ddd4d000 	C:\Windows\System32\DriverStore\FileRepository\nv_dispi.inf_amd64_493585427225c794\nvgpucomp64.dll
0x00007ff85fdb0000 - 0x00007ff86215f000 	C:\Windows\System32\DriverStore\FileRepository\nv_dispi.inf_amd64_493585427225c794\nvd3dumx.dll
0x00007ff8e2c40000 - 0x00007ff8e2c8a000 	C:\Windows\SYSTEM32\directxdatabasehelper.dll
0x00007ff8ba3f0000 - 0x00007ff8ba4a0000 	C:\Windows\SYSTEM32\d3d9on12.dll
0x00007ff8e57b0000 - 0x00007ff8e58a8000 	C:\Windows\SYSTEM32\dxgi.dll
0x00007ff88a7b0000 - 0x00007ff88a7d6000 	C:\Windows\SYSTEM32\d3d12.dll
0x00007ff865a10000 - 0x00007ff865c13000 	C:\Windows\SYSTEM32\D3D12Core.dll
0x00007ff8c6d50000 - 0x00007ff8c6d74000 	C:\Windows\System32\DriverStore\FileRepository\iigd_dch.inf_amd64_e2d833b564372581\igd12umd64.dll
0x00007ff85f150000 - 0x00007ff85fda4000 	C:\Windows\System32\DriverStore\FileRepository\iigd_dch.inf_amd64_e2d833b564372581\igd12um64xel.dll
0x00007ff8c8d50000 - 0x00007ff8c9162000 	C:\Windows\System32\DriverStore\FileRepository\iigd_dch.inf_amd64_e2d833b564372581\igdgmm64.dll
0x00007ff8cb020000 - 0x00007ff8cb05a000 	C:\Windows\SYSTEM32\ControlLib.dll
0x00007ff8e9260000 - 0x00007ff8e96d4000 	C:\Windows\System32\SETUPAPI.dll
0x00007ff8cab20000 - 0x00007ff8cab93000 	C:\Windows\System32\DriverStore\FileRepository\iigd_dch.inf_amd64_e2d833b564372581\IntelControlLib.dll
0x00007ff8bd680000 - 0x00007ff8c1b6a000 	C:\Windows\System32\DriverStore\FileRepository\iigd_dch.inf_amd64_e2d833b564372581\igc64.dll
0x00007ff8eab80000 - 0x00007ff8ead25000 	C:\Windows\System32\ole32.dll
0x00007ff8c6440000 - 0x00007ff8c646f000 	C:\Windows\SYSTEM32\D3DSCache.dll

dbghelp: loaded successfully - version: 4.0.5 - missing functions: none
symbol engine: initialized successfully - sym options: 0x614 - pdb path: .;C:\Program Files\Java\jdk-17\bin;C:\Windows\SYSTEM32;C:\Windows\WinSxS\amd64_microsoft.windows.common-controls_6595b64144ccf1df_6.0.22621.3235_none_270f74e173860f98;C:\Program Files\Java\jdk-17\bin\server;C:\Users\aaron\.openjfx\cache\20+19\amd64;C:\Windows\System32\DriverStore\FileRepository\nv_dispi.inf_amd64_493585427225c794;C:\Windows\System32\DriverStore\FileRepository\iigd_dch.inf_amd64_e2d833b564372581;C:\Program Files\Common Files\Microsoft Shared\Ink;C:\Users\aaron\IdeaProjects\jreverse

VM Arguments:
jvm_args: -Dfile.encoding=windows-1252 -Duser.country=US -Duser.language=en -Duser.variant --module-path=C:\Users\aaron\IdeaProjects\jreverse\build\libs\jreverse-1.0-SNAPSHOT.jar;C:\Users\aaron\IdeaProjects\jreverse\build\classes\java\main;C:\Users\aaron\.gradle\caches\modules-2\files-2.1\org.openjfx\javafx-fxml\17.0.6\5724aedc415683e62eeab3a3875550aa814c84fd\javafx-fxml-17.0.6-win.jar;C:\Users\aaron\.gradle\caches\modules-2\files-2.1\io.github.mkpaz\atlantafx-base\2.0.1\51d2bfa35150921fe5b8b5e3c1a1bf78a6d57684\atlantafx-base-2.0.1.jar;C:\Users\aaron\.gradle\caches\modules-2\files-2.1\org.openjfx\javafx-controls\20\f9a84d43adab2745f4999e7ff9a64f12dd563f1f\javafx-controls-20-win.jar;C:\Users\aaron\.gradle\caches\modules-2\files-2.1\org.openjfx\javafx-controls\20\9d8d07b9b3463121fd600861473a8ad2ddf727dc\javafx-controls-20.jar;C:\Users\aaron\.gradle\caches\modules-2\files-2.1\org.openjfx\javafx-graphics\20\57d79e5dbc28f3873f1911bff0f704a77596165f\javafx-graphics-20-win.jar;C:\Users\aaron\.gradle\caches\modules-2\files-2.1\org.openjfx\javafx-graphics\20\7ec67be002e516ab69d1a14f3edbde01fc921664\javafx-graphics-20.jar;C:\Users\aaron\.gradle\caches\modules-2\files-2.1\org.openjfx\javafx-base\20\b75c1d2a661fc392bc601fcbb1d1931f8d4c637e\javafx-base-20-win.jar;C:\Users\aaron\.gradle\caches\modules-2\files-2.1\org.openjfx\javafx-base\20\82863562a321abc761f301477ef90ba6c20f022a\javafx-base-20.jar;C:\Users\aaron\.gradle\caches\modules-2\files-2.1\org.javassist\javassist\3.30.2-GA\284580b5e42dfa1b8267058566435d9e93fae7f7\javassist-3.30.2-GA.jar;C:\Users\aaron\.gradle\caches\modules-2\files-2.1\org.openjdk.nashorn\nashorn-core\15.0\2f7756004f2a77edbe4a0273731a27c30694b4cd\nashorn-core-15.0.jar;C:\Users\aaron\.gradle\caches\modules-2\files-2.1\javax.xml.bind\jaxb-api\2.3.1\8531ad5ac454cc2deb9d4d32c40c4d7451939b5d\jaxb-api-2.3.1.jar;C:\Users\aaron\.m2\repository\com\tbdis\sstf\1.0-SNAPSHOT\sstf-1.0-SNAPSHOT.jar;C:\Users\aaron\.gradle\caches\modules-2\files-2.1\org.ow2.asm\asm-commons\7.3.1\daaa79ef260eb67404b9a52bc319a024c7f49cfe\asm-commons-7.3.1.jar;C:\Users\aaron\.gra-Djdk.module.main=com.jreverse.jreverse 
java_command: com.jreverse.jreverse/com.jreverse.jreverse.App
java_class_path (initial): C:\Users\aaron\IdeaProjects\jreverse\build\resources\main;C:\Users\aaron\.gradle\caches\modules-2\files-2.1\org.benf\cfr\0.152\48ef4892cfe8feffddbbd0ff077735140557db74\cfr-0.152.jar;C:\Users\aaron\.gradle\caches\modules-2\files-2.1\org.python\jython-standalone\2.7.3\5222794b20231370a19e71ebaa4b68aa8a90600\jython-standalone-2.7.3.jar
Launcher Type: SUN_STANDARD

[Global flags]
     intx CICompilerCount                          = 12                                        {product} {ergonomic}
     uint ConcGCThreads                            = 5                                         {product} {ergonomic}
     uint G1ConcRefinementThreads                  = 18                                        {product} {ergonomic}
   size_t G1HeapRegionSize                         = 4194304                                   {product} {ergonomic}
    uintx GCDrainStackTargetSize                   = 64                                        {product} {ergonomic}
   size_t InitialHeapSize                          = 536870912                                 {product} {ergonomic}
   size_t MarkStackSize                            = 4194304                                   {product} {ergonomic}
   size_t MaxHeapSize                              = 8531214336                                {product} {ergonomic}
   size_t MaxNewSize                               = 5117050880                                {product} {ergonomic}
   size_t MinHeapDeltaBytes                        = 4194304                                   {product} {ergonomic}
   size_t MinHeapSize                              = 8388608                                   {product} {ergonomic}
    uintx NonNMethodCodeHeapSize                   = 7602480                                {pd product} {ergonomic}
    uintx NonProfiledCodeHeapSize                  = 122027880                              {pd product} {ergonomic}
    uintx ProfiledCodeHeapSize                     = 122027880                              {pd product} {ergonomic}
    uintx ReservedCodeCacheSize                    = 251658240                              {pd product} {ergonomic}
     bool SegmentedCodeCache                       = true                                      {product} {ergonomic}
   size_t SoftMaxHeapSize                          = 8531214336                             {manageable} {ergonomic}
     bool UseCompressedClassPointers               = true                           {product lp64_product} {ergonomic}
     bool UseCompressedOops                        = true                           {product lp64_product} {ergonomic}
     bool UseG1GC                                  = true                                      {product} {ergonomic}
     bool UseLargePagesIndividualAllocation        = false                                  {pd product} {ergonomic}

Logging:
Log output configuration:
 #0: stdout all=warning uptime,level,tags
 #1: stderr all=off uptime,level,tags

Environment Variables:
JAVA_HOME=C:\Program Files\Java\jdk-17
PATH=C:\ProgramData\Oracle\Java\javapath;C:\Program Files\Common Files\Oracle\Java\javapath;C:\Program Files (x86)\Common Files\Oracle\Java\javapath;C:\Windows\system32;C:\Windows;C:\Windows\System32\Wbem;C:\Windows\System32\WindowsPowerShell\v1.0\;C:\Windows\System32\OpenSSH\;C:\Program Files\NVIDIA Corporation\NVIDIA NvDLISR;C:\Program Files (x86)\NVIDIA Corporation\PhysX\Common;C:\Program Files\Microsoft SQL Server\150\Tools\Binn\;C:\Program Files\Microsoft SQL Server\Client SDK\ODBC\170\Tools\Binn\;C:\Program Files\dotnet\;C:\Program Files\Git\cmd;C:\Program Files (x86)\Incredibuild;C:\Program Files\WireGuard\;C:\Program Files (x86)\Windows Kits\10\Windows Performance Toolkit\;C:\Program Files\Maven\apache-maven-3.9.6\bin;C:\Program Files\Maven\apache-maven-3.9.6\bin;C:\Users\aaron\AppData\Local\Programs\Python\Python312\Scripts\;C:\Users\aaron\AppData\Local\Programs\Python\Python312\;C:\Users\aaron\AppData\Local\Programs\Python\Launcher\;C:\Users\aaron\AppData\Local\Microsoft\WindowsApps;C:\Users\aaron\.dotnet\tools;C:\Users\aaron\AppData\Local\Programs\Microsoft VS Code\bin;C:\Program Files\JetBrains\IntelliJ IDEA Community Edition 2023.3.5\bin;C:\Program Files\Java\jdk-17\bin;C:\Users\aaron\AppData\Local\JetBrains\Toolbox\scripts;
USERNAME=aaron
OS=Windows_NT
PROCESSOR_IDENTIFIER=Intel64 Family 6 Model 151 Stepping 2, GenuineIntel



---------------  S Y S T E M  ---------------

OS:
 Windows 11 , 64 bit Build 22621 (10.0.22621.3374)
OS uptime: 7 days 1:57 hours

CPU: total 24 (initial active 24) (12 cores per cpu, 2 threads per core) family 6 model 151 stepping 2 microcode 0x2c, cx8, cmov, fxsr, ht, mmx, 3dnowpref, sse, sse2, sse3, ssse3, sse4.1, sse4.2, popcnt, lzcnt, tsc, tscinvbit, avx, avx2, aes, erms, clmul, bmi1, bmi2, adx, sha, fma, vzeroupper, clflush, clflushopt, clwb

Memory: 4k page, system-wide physical 32541M (17329M free)
TotalPageFile size 34589M (AvailPageFile size 13658M)
current process WorkingSet (physical memory assigned to process): 203M, peak: 261M
current process commit charge ("private bytes"): 785M, peak: 836M

vm_info: Java HotSpot(TM) 64-Bit Server VM (17.0.9+11-LTS-201) for windows-amd64 JRE (17.0.9+11-LTS-201), built on Oct 10 2023 23:16:06 by "mach5one" with MS VC++ 17.1 (VS2022)

END.
